
VVCSoftware: VTM Encoder Version 23.14 [Linux][GCC 11.5.0][64 bit] [SIMD=AVX2] 

TOOL CFG: IBD:1 HAD:1 RDQ:1 RDQTS:1 LQP:0 SQP:0 ASR:1 MinSearchWindow:96 RestrictMESampling:0 FEN:1 ECU:0 FDM:1 ESD:0 TransformSkip:1 TransformSkipFast:1 TransformSkipLog2MaxSize:5 ChromaTS:1 BDPCM:0 Tiles: 1x1 Slices: 1 MCTS:0 SAO:1 ALF:1 CCALF:1 MaxNumALFAPS 8 AlfapsIDShift 0 ConstantJointCbCrSignFlagWPP:0 WPB:0 PME:2  WaveFrontSynchro:0 WaveFrontSubstreams:1 ScalingList:0 TMVPMode:1  DQ:1  SignBitHidingFlag:0 RecalQP:0 
TOOL CFG: LFNST:1 MMVD:1 Affine:1 AffineType:1 AdaptBypassAffineMe:0 PROF:1 SbTMVP:1 DualITree:1 IMV:1 BIO:1 LMChroma:1 HorCollocatedChroma:1 VerCollocatedChroma:0 MTS:1(explicit intra) SBT:1 ISP:1 SMVD:1 CompositeLTReference:0 Bcw:1 BcwFast:1 LADF:0 CIIP:1 Geo:1 AllowDisFracMMVD:1 AffineAmvr:1 AffineAmvrEncOpt:1 AffineAmvp:1 DMVR:1 MmvdDisNum:6 JointCbCr:1 ACT:0 PLT:0 IBC:0 HashME:0 WrapAround:0 VirtualBoundariesEnabledFlag:0 VirtualBoundariesPresentInSPSFlag:1 vertical virtual boundaries:[ ] horizontal virtual boundaries:[ ] Reshape:1 (Signal:SDR Opt:0 CSoffset:6) MRL:1 MIP:1 EncDbOpt:1 AlfLambdaOpt:0 
FAST TOOL CFG: LCTUFast:1 FastMrg:1 MaxMergeRdCandNumTotal:7 MergeRdCandQuotaRegular:4 MergeRdCandQuotaRegularSmallBlk:4 MergeRdCandQuotaSubBlk:2 MergeRdCandQuotaCiip:1 MergeRdCandQuotaGpm:8 PBIntraFast:1 IMV4PelFast:1 MTSMaxCand: 4(intra) 4(inter) ISPFast:0 FastLFNST:0 AMaxBT:1 E0023FastEnc:1 ContentBasedFastQtbt:0 UseNonLinearAlfLuma:1 UseNonLinearAlfChroma:1 MaxNumAlfAlternativesChroma:8 FastMIP:0 TTFastSkip:31 TTFastSkipThr:1.075 FastLocalDualTree:1 RPR:0 TemporalFilter:4/4 SEI CTI:0 BIM:0 SEI FGC:0 SEI processing Order:0 DPF:0 


 started @ Wed Mar  4 15:43:35 2026
POC    0 LId:  0 TId: 0 ( IDR_N_LP, I-SLICE, QP 29 )     211248 bits [Y 45.1907 dB    U 48.8764 dB    V 47.5646 dB] [ET    69 ] [L0] [L1]
POC   32 LId:  0 TId: 0 ( CRA, I-SLICE, QP 29 )     199600 bits [Y 45.5425 dB    U 49.7556 dB    V 48.8661 dB] [ET    68 ] [L0] [L1]
POC   16 LId:  0 TId: 1 ( RASL, B-SLICE, QP 34 )      31400 bits [Y 43.0876 dB    U 49.5717 dB    V 48.2725 dB] [ET    78 ] [L0 0 32] [L1 32c]
POC    8 LId:  0 TId: 2 ( RASL, B-SLICE, QP 35 )      17080 bits [Y 43.2818 dB    U 49.7109 dB    V 48.8291 dB] [ET    53 ] [L0 0 16 32] [L1 16c 32]
POC    4 LId:  0 TId: 3 ( RASL, B-SLICE, QP 38 )       6304 bits [Y 43.4546 dB    U 49.8252 dB    V 48.8997 dB] [ET    30 ] [L0 0 8 16] [L1 8c 16 32]
POC    2 LId:  0 TId: 4 ( RASL, B-SLICE, QP 40 )       2992 bits [Y 43.7390 dB    U 49.6254 dB    V 48.8507 dB] [ET    20 ] [L0 0 4 8] [L1 4c 8 16 32]
POC    1 LId:  0 TId: 5 ( RASL, B-SLICE, QP 41 )       1072 bits [Y 44.3475 dB    U 49.5025 dB    V 48.5971 dB] [ET     9 ] [L0 0] [L1 2c 4]
POC    3 LId:  0 TId: 5 ( RASL, B-SLICE, QP 41 )       1280 bits [Y 43.5349 dB    U 49.7524 dB    V 48.8920 dB] [ET    10 ] [L0 2c 0] [L1 4 8]
POC    6 LId:  0 TId: 4 ( RASL, B-SLICE, QP 40 )       2544 bits [Y 43.4112 dB    U 49.9426 dB    V 49.1071 dB] [ET    18 ] [L0 4c 2 0] [L1 8 16 32]
POC    5 LId:  0 TId: 5 ( RASL, B-SLICE, QP 41 )       1872 bits [Y 42.4667 dB    U 49.8065 dB    V 48.8792 dB] [ET    13 ] [L0 4 0] [L1 6c 8]
POC    7 LId:  0 TId: 5 ( RASL, B-SLICE, QP 41 )       1360 bits [Y 42.5219 dB    U 49.8262 dB    V 48.9437 dB] [ET    13 ] [L0 6c 4] [L1 8 16]
POC   12 LId:  0 TId: 3 ( RASL, B-SLICE, QP 38 )       5136 bits [Y 42.5688 dB    U 49.6928 dB    V 48.7345 dB] [ET    27 ] [L0 8c 4 0] [L1 16 32]
POC   10 LId:  0 TId: 4 ( RASL, B-SLICE, QP 40 )       1544 bits [Y 42.3058 dB    U 49.7936 dB    V 48.8637 dB] [ET    18 ] [L0 8 6 4 0] [L1 12c 16 32]
POC    9 LId:  0 TId: 5 ( RASL, B-SLICE, QP 41 )       1696 bits [Y 42.9695 dB    U 49.8998 dB    V 48.9532 dB] [ET    11 ] [L0 8 4] [L1 10c 12]
POC   11 LId:  0 TId: 5 ( RASL, B-SLICE, QP 41 )       1040 bits [Y 42.9691 dB    U 49.8795 dB    V 49.0136 dB] [ET     9 ] [L0 10c 8] [L1 12 16]
POC   14 LId:  0 TId: 4 ( RASL, B-SLICE, QP 40 )       2232 bits [Y 42.4645 dB    U 49.6295 dB    V 48.3693 dB] [ET    19 ] [L0 12c 10 8 0] [L1 16 32]
POC   13 LId:  0 TId: 5 ( RASL, B-SLICE, QP 41 )       1048 bits [Y 42.3829 dB    U 49.7346 dB    V 48.5441 dB] [ET    10 ] [L0 12 8] [L1 14c 16]
POC   15 LId:  0 TId: 5 ( RASL, B-SLICE, QP 41 )       1096 bits [Y 43.0867 dB    U 49.7126 dB    V 48.5329 dB] [ET     9 ] [L0 14c 12] [L1 16 32]
POC   24 LId:  0 TId: 2 ( RASL, B-SLICE, QP 35 )      12992 bits [Y 43.5560 dB    U 49.6223 dB    V 48.4820 dB] [ET    46 ] [L0 16c 8 0] [L1 32]
POC   20 LId:  0 TId: 3 ( RASL, B-SLICE, QP 38 )       4552 bits [Y 42.8830 dB    U 49.6198 dB    V 48.4925 dB] [ET    26 ] [L0 16 8 0] [L1 24c 32]
POC   18 LId:  0 TId: 4 ( RASL, B-SLICE, QP 40 )       2240 bits [Y 42.4311 dB    U 49.5834 dB    V 48.4162 dB] [ET    18 ] [L0 16 8 0] [L1 20c 24 32]
POC   17 LId:  0 TId: 5 ( RASL, B-SLICE, QP 41 )       1144 bits [Y 43.0818 dB    U 49.7402 dB    V 48.5980 dB] [ET     9 ] [L0 16 8] [L1 18c 20]
POC   19 LId:  0 TId: 5 ( RASL, B-SLICE, QP 41 )        944 bits [Y 42.7822 dB    U 49.7413 dB    V 48.5383 dB] [ET    10 ] [L0 18c 16] [L1 20 24]
POC   22 LId:  0 TId: 4 ( RASL, B-SLICE, QP 40 )       1584 bits [Y 42.8251 dB    U 49.5856 dB    V 48.4024 dB] [ET    15 ] [L0 20c 16 0] [L1 24 32 18]
POC   21 LId:  0 TId: 5 ( RASL, B-SLICE, QP 41 )       1200 bits [Y 42.6969 dB    U 49.6528 dB    V 48.4965 dB] [ET    11 ] [L0 20 16] [L1 22c 24]
POC   23 LId:  0 TId: 5 ( RASL, B-SLICE, QP 41 )       1008 bits [Y 43.0318 dB    U 49.6576 dB    V 48.5314 dB] [ET    10 ] [L0 22c 20] [L1 24 32]
POC   28 LId:  0 TId: 3 ( RASL, B-SLICE, QP 38 )       4792 bits [Y 43.3215 dB    U 49.9116 dB    V 48.7260 dB] [ET    29 ] [L0 24c 20 16 0] [L1 32]
POC   26 LId:  0 TId: 4 ( RASL, B-SLICE, QP 40 )       2464 bits [Y 42.5848 dB    U 49.6491 dB    V 48.2505 dB] [ET    21 ] [L0 24 20 16 0] [L1 28c 32]
POC   25 LId:  0 TId: 5 ( RASL, B-SLICE, QP 41 )        904 bits [Y 43.1974 dB    U 49.7364 dB    V 48.5120 dB] [ET     9 ] [L0 24 20] [L1 26c 28]
POC   27 LId:  0 TId: 5 ( RASL, B-SLICE, QP 41 )       1112 bits [Y 43.0196 dB    U 49.7611 dB    V 48.5472 dB] [ET     9 ] [L0 26c 24] [L1 28 32]
POC   30 LId:  0 TId: 4 ( RASL, B-SLICE, QP 40 )       2112 bits [Y 43.7596 dB    U 50.0379 dB    V 48.6827 dB] [ET    15 ] [L0 28c 24 16 0] [L1 32]
POC   29 LId:  0 TId: 5 ( RASL, B-SLICE, QP 41 )       1360 bits [Y 42.6597 dB    U 49.8561 dB    V 48.3737 dB] [ET    14 ] [L0 28 24] [L1 30c 32]
POC   31 LId:  0 TId: 5 ( RASL, B-SLICE, QP 41 )        808 bits [Y 43.5046 dB    U 49.8886 dB    V 48.5132 dB] [ET     9 ] [L0 30c 28] [L1 32]
POC   64 LId:  0 TId: 0 ( CRA, I-SLICE, QP 29 )     201584 bits [Y 45.3923 dB    U 49.7777 dB    V 48.8616 dB] [ET    62 ] [L0] [L1]
POC   48 LId:  0 TId: 1 ( RASL, B-SLICE, QP 34 )      26800 bits [Y 43.5777 dB    U 49.5713 dB    V 48.1468 dB] [ET    62 ] [L0 32 64] [L1 64c]
POC   40 LId:  0 TId: 2 ( RASL, B-SLICE, QP 35 )      11336 bits [Y 43.4910 dB    U 49.5975 dB    V 48.5649 dB] [ET    42 ] [L0 32 48 64] [L1 48c 64]
POC   36 LId:  0 TId: 3 ( RASL, B-SLICE, QP 38 )       4456 bits [Y 43.3350 dB    U 49.7089 dB    V 48.5385 dB] [ET    26 ] [L0 32 40 48] [L1 40c 48 64]
POC   34 LId:  0 TId: 4 ( RASL, B-SLICE, QP 40 )       1864 bits [Y 43.4320 dB    U 49.8193 dB    V 48.8527 dB] [ET    19 ] [L0 32 36 40] [L1 36c 40 48 64]
POC   33 LId:  0 TId: 5 ( RASL, B-SLICE, QP 41 )       1024 bits [Y 44.7382 dB    U 49.9159 dB    V 49.0046 dB] [ET     7 ] [L0 32] [L1 34c 36]
POC   35 LId:  0 TId: 5 ( RASL, B-SLICE, QP 41 )       1112 bits [Y 43.7057 dB    U 49.9370 dB    V 48.9056 dB] [ET     9 ] [L0 34c 32] [L1 36 40]
POC   38 LId:  0 TId: 4 ( RASL, B-SLICE, QP 40 )       1840 bits [Y 43.3353 dB    U 49.8302 dB    V 48.7740 dB] [ET    16 ] [L0 36c 34 32] [L1 40 48 64]
POC   37 LId:  0 TId: 5 ( RASL, B-SLICE, QP 41 )        864 bits [Y 43.4884 dB    U 49.9005 dB    V 48.8668 dB] [ET    10 ] [L0 36 32] [L1 38c 40]
POC   39 LId:  0 TId: 5 ( RASL, B-SLICE, QP 41 )       1104 bits [Y 43.0931 dB    U 49.7712 dB    V 48.6890 dB] [ET     9 ] [L0 38c 36] [L1 40 48]
POC   44 LId:  0 TId: 3 ( RASL, B-SLICE, QP 38 )       3056 bits [Y 43.0232 dB    U 49.6831 dB    V 48.2643 dB] [ET    21 ] [L0 40c 36 32] [L1 48 64]
POC   42 LId:  0 TId: 4 ( RASL, B-SLICE, QP 40 )       1736 bits [Y 42.9603 dB    U 49.6674 dB    V 48.5118 dB] [ET    16 ] [L0 40 38 36 32] [L1 44c 48 64]
POC   41 LId:  0 TId: 5 ( RASL, B-SLICE, QP 41 )       1296 bits [Y 42.3990 dB    U 49.5480 dB    V 48.4363 dB] [ET    13 ] [L0 40 36] [L1 42c 44]
POC   43 LId:  0 TId: 5 ( RASL, B-SLICE, QP 41 )        504 bits [Y 42.1488 dB    U 49.5590 dB    V 48.1257 dB] [ET    11 ] [L0 42c 40] [L1 44 48]
POC   46 LId:  0 TId: 4 ( RASL, B-SLICE, QP 40 )       1200 bits [Y 43.0905 dB    U 49.6931 dB    V 48.2418 dB] [ET    14 ] [L0 44c 42 40 32] [L1 48 64]
POC   45 LId:  0 TId: 5 ( RASL, B-SLICE, QP 41 )       1512 bits [Y 42.2380 dB    U 49.5509 dB    V 47.9960 dB] [ET    13 ] [L0 44 40] [L1 46c 48]
POC   47 LId:  0 TId: 5 ( RASL, B-SLICE, QP 41 )       1288 bits [Y 43.0777 dB    U 49.6700 dB    V 48.1777 dB] [ET    10 ] [L0 46c 44] [L1 48 64]
POC   56 LId:  0 TId: 2 ( RASL, B-SLICE, QP 35 )      12544 bits [Y 43.3817 dB    U 49.7549 dB    V 48.5088 dB] [ET    42 ] [L0 48c 40 32] [L1 64]
POC   52 LId:  0 TId: 3 ( RASL, B-SLICE, QP 38 )       4296 bits [Y 42.2745 dB    U 49.5698 dB    V 48.1428 dB] [ET    27 ] [L0 48 40 32] [L1 56c 64]
POC   50 LId:  0 TId: 4 ( RASL, B-SLICE, QP 40 )       1936 bits [Y 42.2073 dB    U 49.5107 dB    V 48.0078 dB] [ET    18 ] [L0 48 40 32] [L1 52c 56 64]
POC   49 LId:  0 TId: 5 ( RASL, B-SLICE, QP 41 )        664 bits [Y 43.0735 dB    U 49.5802 dB    V 48.2097 dB] [ET    10 ] [L0 48 40] [L1 50c 52]
POC   51 LId:  0 TId: 5 ( RASL, B-SLICE, QP 41 )        896 bits [Y 42.8859 dB    U 49.6813 dB    V 48.3194 dB] [ET     8 ] [L0 50c 48] [L1 52 56]
POC   54 LId:  0 TId: 4 ( RASL, B-SLICE, QP 40 )       2144 bits [Y 42.1321 dB    U 49.5100 dB    V 48.1992 dB] [ET    20 ] [L0 52c 48 32] [L1 56 64 50]
POC   53 LId:  0 TId: 5 ( RASL, B-SLICE, QP 41 )        928 bits [Y 42.9196 dB    U 49.7296 dB    V 48.4194 dB] [ET     9 ] [L0 52 48] [L1 54c 56]
POC   55 LId:  0 TId: 5 ( RASL, B-SLICE, QP 41 )        880 bits [Y 42.9641 dB    U 49.7454 dB    V 48.4988 dB] [ET     9 ] [L0 54c 52] [L1 56 64]
POC   60 LId:  0 TId: 3 ( RASL, B-SLICE, QP 38 )       3608 bits [Y 43.3859 dB    U 49.8525 dB    V 48.6178 dB] [ET    22 ] [L0 56c 52 48 32] [L1 64]
POC   58 LId:  0 TId: 4 ( RASL, B-SLICE, QP 40 )       1184 bits [Y 43.1201 dB    U 49.8037 dB    V 48.4418 dB] [ET    14 ] [L0 56 52 48 32] [L1 60c 64]
POC   57 LId:  0 TId: 5 ( RASL, B-SLICE, QP 41 )       1168 bits [Y 43.1253 dB    U 49.8234 dB    V 48.4960 dB] [ET     9 ] [L0 56 52] [L1 58c 60]
POC   59 LId:  0 TId: 5 ( RASL, B-SLICE, QP 41 )       1224 bits [Y 42.5339 dB    U 49.7237 dB    V 48.3503 dB] [ET    12 ] [L0 58c 56] [L1 60 64]
POC   62 LId:  0 TId: 4 ( RASL, B-SLICE, QP 40 )       2248 bits [Y 43.3340 dB    U 49.9435 dB    V 48.6677 dB] [ET    17 ] [L0 60c 56 48 32] [L1 64]
POC   61 LId:  0 TId: 5 ( RASL, B-SLICE, QP 41 )       1080 bits [Y 42.7493 dB    U 49.7984 dB    V 48.5396 dB] [ET    10 ] [L0 60 56] [L1 62c 64]
POC   63 LId:  0 TId: 5 ( RASL, B-SLICE, QP 41 )       1024 bits [Y 44.5550 dB    U 50.0539 dB    V 48.9873 dB] [ET     8 ] [L0 62c 60] [L1 64]
POC   96 LId:  0 TId: 0 ( CRA, I-SLICE, QP 29 )     200496 bits [Y 45.9310 dB    U 49.8559 dB    V 49.1810 dB] [ET    58 ] [L0] [L1]
POC   80 LId:  0 TId: 1 ( RASL, B-SLICE, QP 34 )      26968 bits [Y 43.6090 dB    U 49.4935 dB    V 48.1191 dB] [ET    61 ] [L0 64 96] [L1 96c]
POC   72 LId:  0 TId: 2 ( RASL, B-SLICE, QP 35 )      12912 bits [Y 43.4130 dB    U 49.6216 dB    V 48.4490 dB] [ET    46 ] [L0 64 80 96] [L1 80c 96]
POC   68 LId:  0 TId: 3 ( RASL, B-SLICE, QP 38 )       3888 bits [Y 43.4595 dB    U 49.8095 dB    V 48.5537 dB] [ET    23 ] [L0 64 72 80] [L1 72c 80 96]
POC   66 LId:  0 TId: 4 ( RASL, B-SLICE, QP 40 )       2240 bits [Y 43.2921 dB    U 49.8711 dB    V 48.7194 dB] [ET    17 ] [L0 64 68 72] [L1 68c 72 80 96]
POC   65 LId:  0 TId: 5 ( RASL, B-SLICE, QP 41 )        952 bits [Y 44.6153 dB    U 50.0069 dB    V 49.0539 dB] [ET     7 ] [L0 64] [L1 66c 68]
POC   67 LId:  0 TId: 5 ( RASL, B-SLICE, QP 41 )        808 bits [Y 43.4500 dB    U 49.9267 dB    V 48.6409 dB] [ET     9 ] [L0 66c 64] [L1 68 72]
POC   70 LId:  0 TId: 4 ( RASL, B-SLICE, QP 40 )       1336 bits [Y 43.1275 dB    U 49.6300 dB    V 48.3761 dB] [ET    15 ] [L0 68c 66 64] [L1 72 80 96]
POC   69 LId:  0 TId: 5 ( RASL, B-SLICE, QP 41 )       1336 bits [Y 43.1975 dB    U 49.8282 dB    V 48.4866 dB] [ET    10 ] [L0 68 64] [L1 70c 72]
POC   71 LId:  0 TId: 5 ( RASL, B-SLICE, QP 41 )       1472 bits [Y 43.0316 dB    U 49.5866 dB    V 48.3989 dB] [ET     9 ] [L0 70c 68] [L1 72 80]
POC   76 LId:  0 TId: 3 ( RASL, B-SLICE, QP 38 )       3376 bits [Y 42.8751 dB    U 49.6079 dB    V 48.2241 dB] [ET    21 ] [L0 72c 68 64] [L1 80 96]
POC   74 LId:  0 TId: 4 ( RASL, B-SLICE, QP 40 )       1888 bits [Y 42.0916 dB    U 49.5433 dB    V 48.1322 dB] [ET    20 ] [L0 72 70 68 64] [L1 76c 80 96]
POC   73 LId:  0 TId: 5 ( RASL, B-SLICE, QP 41 )        776 bits [Y 42.8452 dB    U 49.6246 dB    V 48.3697 dB] [ET     9 ] [L0 72 68] [L1 74c 76]
POC   75 LId:  0 TId: 5 ( RASL, B-SLICE, QP 41 )       1080 bits [Y 42.6018 dB    U 49.6513 dB    V 48.2658 dB] [ET     9 ] [L0 74c 72] [L1 76 80]
POC   78 LId:  0 TId: 4 ( RASL, B-SLICE, QP 40 )       1872 bits [Y 42.9615 dB    U 49.5167 dB    V 48.1210 dB] [ET    16 ] [L0 76c 74 72 64] [L1 80 96]
POC   77 LId:  0 TId: 5 ( RASL, B-SLICE, QP 41 )       1248 bits [Y 42.1181 dB    U 49.4084 dB    V 47.9489 dB] [ET    13 ] [L0 76 72] [L1 78c 80]
POC   79 LId:  0 TId: 5 ( RASL, B-SLICE, QP 41 )        472 bits [Y 42.2643 dB    U 49.3903 dB    V 47.9409 dB] [ET    11 ] [L0 78c 76] [L1 80 96]
POC   88 LId:  0 TId: 2 ( RASL, B-SLICE, QP 35 )      11536 bits [Y 43.5024 dB    U 49.6262 dB    V 48.5292 dB] [ET    40 ] [L0 80c 72 64] [L1 96]
POC   84 LId:  0 TId: 3 ( RASL, B-SLICE, QP 38 )       4928 bits [Y 42.3639 dB    U 49.4294 dB    V 48.0762 dB] [ET    27 ] [L0 80 72 64] [L1 88c 96]
POC   82 LId:  0 TId: 4 ( RASL, B-SLICE, QP 40 )       1032 bits [Y 43.0098 dB    U 49.6005 dB    V 48.3447 dB] [ET    14 ] [L0 80 72 64] [L1 84c 88 96]
POC   81 LId:  0 TId: 5 ( RASL, B-SLICE, QP 41 )       1336 bits [Y 42.5275 dB    U 49.3820 dB    V 47.9718 dB] [ET    13 ] [L0 80 72] [L1 82c 84]
POC   83 LId:  0 TId: 5 ( RASL, B-SLICE, QP 41 )       1128 bits [Y 42.8594 dB    U 49.5656 dB    V 48.2922 dB] [ET    10 ] [L0 82c 80] [L1 84 88]
POC   86 LId:  0 TId: 4 ( RASL, B-SLICE, QP 40 )       1640 bits [Y 43.0162 dB    U 49.6295 dB    V 48.4936 dB] [ET    15 ] [L0 84c 80 64] [L1 88 96 82]
POC   85 LId:  0 TId: 5 ( RASL, B-SLICE, QP 41 )        680 bits [Y 42.8564 dB    U 49.6520 dB    V 48.4384 dB] [ET     9 ] [L0 84 80] [L1 86c 88]
POC   87 LId:  0 TId: 5 ( RASL, B-SLICE, QP 41 )        984 bits [Y 43.0988 dB    U 49.7235 dB    V 48.6021 dB] [ET     9 ] [L0 86c 84] [L1 88 96]
POC   92 LId:  0 TId: 3 ( RASL, B-SLICE, QP 38 )       3240 bits [Y 43.6357 dB    U 49.8818 dB    V 48.7971 dB] [ET    21 ] [L0 88c 84 80 64] [L1 96]
POC   90 LId:  0 TId: 4 ( RASL, B-SLICE, QP 40 )       1640 bits [Y 43.2189 dB    U 49.7291 dB    V 48.6471 dB] [ET    15 ] [L0 88 84 80 64] [L1 92c 96]
POC   89 LId:  0 TId: 5 ( RASL, B-SLICE, QP 41 )       1360 bits [Y 42.3771 dB    U 49.5742 dB    V 48.3082 dB] [ET    14 ] [L0 88 84] [L1 90c 92]
POC   91 LId:  0 TId: 5 ( RASL, B-SLICE, QP 41 )        816 bits [Y 42.4617 dB    U 49.5917 dB    V 48.3287 dB] [ET    11 ] [L0 90c 88] [L1 92 96]
POC   94 LId:  0 TId: 4 ( RASL, B-SLICE, QP 40 )       1216 bits [Y 44.2621 dB    U 50.0052 dB    V 49.1152 dB] [ET    13 ] [L0 92c 88 80 64] [L1 96]
POC   93 LId:  0 TId: 5 ( RASL, B-SLICE, QP 41 )       1384 bits [Y 42.7393 dB    U 49.7843 dB    V 48.6800 dB] [ET    13 ] [L0 92 88] [L1 94c 96]
POC   95 LId:  0 TId: 5 ( RASL, B-SLICE, QP 41 )       1072 bits [Y 44.4725 dB    U 49.9518 dB    V 49.1412 dB] [ET     8 ] [L0 94c 92] [L1 96]
POC  128 LId:  0 TId: 0 ( CRA, I-SLICE, QP 29 )     340768 bits [Y 43.6049 dB    U 49.6600 dB    V 48.6277 dB] [ET    85 ] [L0] [L1]
POC  112 LId:  0 TId: 1 ( RASL, B-SLICE, QP 34 )      36336 bits [Y 42.7526 dB    U 49.1850 dB    V 47.6873 dB] [ET    70 ] [L0 96 128] [L1 128c]
POC  104 LId:  0 TId: 2 ( RASL, B-SLICE, QP 35 )      12776 bits [Y 43.3895 dB    U 49.5114 dB    V 48.1370 dB] [ET    44 ] [L0 96 112 128] [L1 112c 128]
POC  100 LId:  0 TId: 3 ( RASL, B-SLICE, QP 38 )       3192 bits [Y 43.1565 dB    U 49.7216 dB    V 48.4975 dB] [ET    23 ] [L0 96 104 112] [L1 104c 112 128]
POC   98 LId:  0 TId: 4 ( RASL, B-SLICE, QP 40 )       1792 bits [Y 42.9132 dB    U 49.7003 dB    V 48.3925 dB] [ET    19 ] [L0 96 100 104] [L1 100c 104 112 128]
POC   97 LId:  0 TId: 5 ( RASL, B-SLICE, QP 41 )        672 bits [Y 44.4529 dB    U 49.8459 dB    V 48.9056 dB] [ET     7 ] [L0 96] [L1 98c 100]
POC   99 LId:  0 TId: 5 ( RASL, B-SLICE, QP 41 )       1048 bits [Y 43.2580 dB    U 49.7433 dB    V 48.5357 dB] [ET     9 ] [L0 98c 96] [L1 100 104]
POC  102 LId:  0 TId: 4 ( RASL, B-SLICE, QP 40 )       1776 bits [Y 43.0738 dB    U 49.7073 dB    V 48.2732 dB] [ET    17 ] [L0 100c 98 96] [L1 104 112 128]
POC  101 LId:  0 TId: 5 ( RASL, B-SLICE, QP 41 )       1632 bits [Y 42.2559 dB    U 49.6133 dB    V 48.1463 dB] [ET    13 ] [L0 100 96] [L1 102c 104]
POC  103 LId:  0 TId: 5 ( RASL, B-SLICE, QP 41 )        896 bits [Y 42.2609 dB    U 49.4199 dB    V 47.9774 dB] [ET    11 ] [L0 102c 100] [L1 104 112]
POC  108 LId:  0 TId: 3 ( RASL, B-SLICE, QP 38 )       3528 bits [Y 42.8350 dB    U 49.5451 dB    V 48.0492 dB] [ET    23 ] [L0 104c 100 96] [L1 112 128]
POC  106 LId:  0 TId: 4 ( RASL, B-SLICE, QP 40 )       1136 bits [Y 42.7412 dB    U 49.5140 dB    V 48.1927 dB] [ET    16 ] [L0 104 102 100 96] [L1 108c 112 128]
POC  105 LId:  0 TId: 5 ( RASL, B-SLICE, QP 41 )       1432 bits [Y 42.3005 dB    U 49.3631 dB    V 47.9356 dB] [ET    11 ] [L0 104 100] [L1 106c 108]
POC  107 LId:  0 TId: 5 ( RASL, B-SLICE, QP 41 )        952 bits [Y 42.6187 dB    U 49.4836 dB    V 48.1026 dB] [ET     9 ] [L0 106c 104] [L1 108 112]
POC  110 LId:  0 TId: 4 ( RASL, B-SLICE, QP 40 )       1824 bits [Y 42.0343 dB    U 49.2425 dB    V 47.5618 dB] [ET    18 ] [L0 108c 106 104 96] [L1 112 128]
POC  109 LId:  0 TId: 5 ( RASL, B-SLICE, QP 41 )        712 bits [Y 42.5110 dB    U 49.4767 dB    V 47.9143 dB] [ET    10 ] [L0 108 104] [L1 110c 112]
POC  111 LId:  0 TId: 5 ( RASL, B-SLICE, QP 41 )       1104 bits [Y 42.7819 dB    U 49.3296 dB    V 47.7581 dB] [ET    10 ] [L0 110c 108] [L1 112 128]
POC  120 LId:  0 TId: 2 ( RASL, B-SLICE, QP 35 )      31232 bits [Y 42.6972 dB    U 49.0174 dB    V 47.4902 dB] [ET    72 ] [L0 112c 104 96] [L1 128]
POC  116 LId:  0 TId: 3 ( RASL, B-SLICE, QP 38 )       6152 bits [Y 42.4186 dB    U 49.2426 dB    V 47.7319 dB] [ET    35 ] [L0 112 104 96] [L1 120c 128]
POC  114 LId:  0 TId: 4 ( RASL, B-SLICE, QP 40 )       2600 bits [Y 42.0245 dB    U 49.2679 dB    V 47.7463 dB] [ET    22 ] [L0 112 104 96] [L1 116c 120 128]
POC  113 LId:  0 TId: 5 ( RASL, B-SLICE, QP 41 )        976 bits [Y 42.8315 dB    U 49.3527 dB    V 47.9054 dB] [ET    10 ] [L0 112 104] [L1 114c 116]
POC  115 LId:  0 TId: 5 ( RASL, B-SLICE, QP 41 )        912 bits [Y 42.2915 dB    U 49.3200 dB    V 47.9024 dB] [ET    10 ] [L0 114c 112] [L1 116 120]
POC  118 LId:  0 TId: 4 ( RASL, B-SLICE, QP 40 )       1392 bits [Y 42.3697 dB    U 49.0950 dB    V 47.6791 dB] [ET    19 ] [L0 116c 112 96] [L1 120 128 114]
POC  117 LId:  0 TId: 5 ( RASL, B-SLICE, QP 41 )        992 bits [Y 42.2110 dB    U 49.2267 dB    V 47.6777 dB] [ET    10 ] [L0 116 112] [L1 118c 120]
POC  119 LId:  0 TId: 5 ( RASL, B-SLICE, QP 41 )       1240 bits [Y 41.7660 dB    U 48.8316 dB    V 47.3361 dB] [ET    14 ] [L0 118c 116] [L1 120 128]
POC  124 LId:  0 TId: 3 ( RASL, B-SLICE, QP 38 )       6584 bits [Y 41.1739 dB    U 49.4151 dB    V 48.0504 dB] [ET    44 ] [L0 120c 116 112 96] [L1 128]
POC  122 LId:  0 TId: 4 ( RASL, B-SLICE, QP 40 )       2832 bits [Y 40.8259 dB    U 48.8889 dB    V 47.4975 dB] [ET    31 ] [L0 120 116 112 96] [L1 124c 128]
POC  121 LId:  0 TId: 5 ( RASL, B-SLICE, QP 41 )        784 bits [Y 41.1266 dB    U 48.8486 dB    V 47.3914 dB] [ET    15 ] [L0 120 116] [L1 122c 124]
POC  123 LId:  0 TId: 5 ( RASL, B-SLICE, QP 41 )       1112 bits [Y 41.1164 dB    U 49.1772 dB    V 47.7611 dB] [ET    11 ] [L0 122c 120] [L1 124 128]
POC  126 LId:  0 TId: 4 ( RASL, B-SLICE, QP 40 )       2192 bits [Y 41.1066 dB    U 49.6086 dB    V 48.3421 dB] [ET    25 ] [L0 124c 120 112 96] [L1 128]
POC  125 LId:  0 TId: 5 ( RASL, B-SLICE, QP 41 )       1392 bits [Y 39.9657 dB    U 49.3481 dB    V 47.9800 dB] [ET    15 ] [L0 124 120] [L1 126c 128]
POC  127 LId:  0 TId: 5 ( RASL, B-SLICE, QP 41 )        944 bits [Y 40.6046 dB    U 49.4654 dB    V 48.1590 dB] [ET    12 ] [L0 126c 124] [L1 128]
POC  160 LId:  0 TId: 0 ( CRA, I-SLICE, QP 29 )     428960 bits [Y 42.6966 dB    U 50.0818 dB    V 49.7919 dB] [ET    99 ] [L0] [L1]
POC  144 LId:  0 TId: 1 ( RASL, B-SLICE, QP 34 )      72504 bits [Y 39.7174 dB    U 48.3297 dB    V 46.8583 dB] [ET   110 ] [L0 128 160] [L1 160c]
POC  136 LId:  0 TId: 2 ( RASL, B-SLICE, QP 35 )      21992 bits [Y 39.5094 dB    U 48.5357 dB    V 46.8016 dB] [ET    76 ] [L0 128 144 160] [L1 144c 160]
POC  132 LId:  0 TId: 3 ( RASL, B-SLICE, QP 38 )       6376 bits [Y 39.0423 dB    U 48.9276 dB    V 47.2353 dB] [ET    44 ] [L0 128 136 144] [L1 136c 144 160]
POC  130 LId:  0 TId: 4 ( RASL, B-SLICE, QP 40 )       1416 bits [Y 39.7753 dB    U 49.2413 dB    V 47.8357 dB] [ET    22 ] [L0 128 132 136] [L1 132c 136 144 160]
POC  129 LId:  0 TId: 5 ( RASL, B-SLICE, QP 41 )       1040 bits [Y 43.1192 dB    U 49.8098 dB    V 48.6407 dB] [ET     9 ] [L0 128] [L1 130c 132]
POC  131 LId:  0 TId: 5 ( RASL, B-SLICE, QP 41 )       1088 bits [Y 39.9386 dB    U 49.2301 dB    V 47.7214 dB] [ET    11 ] [L0 130c 128] [L1 132 136]
POC  134 LId:  0 TId: 4 ( RASL, B-SLICE, QP 40 )       2984 bits [Y 39.1997 dB    U 48.9048 dB    V 47.0739 dB] [ET    31 ] [L0 132c 130 128] [L1 136 144 160]
POC  133 LId:  0 TId: 5 ( RASL, B-SLICE, QP 41 )       1632 bits [Y 38.4945 dB    U 48.8200 dB    V 46.8948 dB] [ET    18 ] [L0 132 128] [L1 134c 136]
POC  135 LId:  0 TId: 5 ( RASL, B-SLICE, QP 41 )       1320 bits [Y 38.5983 dB    U 48.6206 dB    V 46.7720 dB] [ET    15 ] [L0 134c 132] [L1 136 144]
POC  140 LId:  0 TId: 3 ( RASL, B-SLICE, QP 38 )       6480 bits [Y 39.0382 dB    U 48.3834 dB    V 46.8266 dB] [ET    35 ] [L0 136c 132 128] [L1 144 160]
POC  138 LId:  0 TId: 4 ( RASL, B-SLICE, QP 40 )       2120 bits [Y 39.3398 dB    U 48.5835 dB    V 47.0117 dB] [ET    23 ] [L0 136 134 132 128] [L1 140c 144 160]
POC  137 LId:  0 TId: 5 ( RASL, B-SLICE, QP 41 )       1056 bits [Y 39.2942 dB    U 48.5502 dB    V 46.8567 dB] [ET    12 ] [L0 136 132] [L1 138c 140]
POC  139 LId:  0 TId: 5 ( RASL, B-SLICE, QP 41 )       1104 bits [Y 39.4207 dB    U 48.5426 dB    V 47.0017 dB] [ET    12 ] [L0 138c 136] [L1 140 144]
POC  142 LId:  0 TId: 4 ( RASL, B-SLICE, QP 40 )       2016 bits [Y 39.0697 dB    U 48.3973 dB    V 46.8991 dB] [ET    22 ] [L0 140c 138 136 128] [L1 144 160]
POC  141 LId:  0 TId: 5 ( RASL, B-SLICE, QP 41 )       1032 bits [Y 39.4430 dB    U 48.4959 dB    V 46.9445 dB] [ET    11 ] [L0 140 136] [L1 142c 144]
POC  143 LId:  0 TId: 5 ( RASL, B-SLICE, QP 41 )       1120 bits [Y 39.9472 dB    U 48.4814 dB    V 47.0188 dB] [ET    11 ] [L0 142c 140] [L1 144 160]
POC  152 LId:  0 TId: 2 ( RASL, B-SLICE, QP 35 )      22888 bits [Y 40.1090 dB    U 49.0711 dB    V 48.5839 dB] [ET    75 ] [L0 144c 136 128] [L1 160]
POC  148 LId:  0 TId: 3 ( RASL, B-SLICE, QP 38 )       9384 bits [Y 39.4743 dB    U 48.4101 dB    V 47.1729 dB] [ET    47 ] [L0 144 136 128] [L1 152c 160]
POC  146 LId:  0 TId: 4 ( RASL, B-SLICE, QP 40 )       2872 bits [Y 39.5907 dB    U 48.5256 dB    V 47.1898 dB] [ET    27 ] [L0 144 136 128] [L1 148c 152 160]
POC  145 LId:  0 TId: 5 ( RASL, B-SLICE, QP 41 )       1304 bits [Y 39.7200 dB    U 48.5025 dB    V 47.1624 dB] [ET    14 ] [L0 144 136] [L1 146c 148]
POC  147 LId:  0 TId: 5 ( RASL, B-SLICE, QP 41 )       1536 bits [Y 39.4320 dB    U 48.4858 dB    V 47.2318 dB] [ET    14 ] [L0 146c 144] [L1 148 152]
POC  150 LId:  0 TId: 4 ( RASL, B-SLICE, QP 40 )       4792 bits [Y 38.1491 dB    U 48.3061 dB    V 47.3985 dB] [ET    33 ] [L0 148c 144 128] [L1 152 160 146]
POC  149 LId:  0 TId: 5 ( RASL, B-SLICE, QP 41 )       3656 bits [Y 38.8157 dB    U 48.3210 dB    V 47.0647 dB] [ET    19 ] [L0 148 144] [L1 150c 152]
POC  151 LId:  0 TId: 5 ( RASL, B-SLICE, QP 41 )       1688 bits [Y 39.2366 dB    U 48.9227 dB    V 48.3049 dB] [ET    15 ] [L0 150c 148] [L1 152 160]
POC  156 LId:  0 TId: 3 ( RASL, B-SLICE, QP 38 )       5224 bits [Y 40.8738 dB    U 49.8483 dB    V 49.4751 dB] [ET    36 ] [L0 152c 148 144 128] [L1 160]
POC  154 LId:  0 TId: 4 ( RASL, B-SLICE, QP 40 )       1624 bits [Y 40.3885 dB    U 49.5973 dB    V 49.0899 dB] [ET    22 ] [L0 152 148 144 128] [L1 156c 160]
POC  153 LId:  0 TId: 5 ( RASL, B-SLICE, QP 41 )       1616 bits [Y 40.1639 dB    U 49.3143 dB    V 48.6846 dB] [ET    14 ] [L0 152 148] [L1 154c 156]
POC  155 LId:  0 TId: 5 ( RASL, B-SLICE, QP 41 )       1392 bits [Y 40.5002 dB    U 49.7828 dB    V 49.3421 dB] [ET    15 ] [L0 154c 152] [L1 156 160]
POC  158 LId:  0 TId: 4 ( RASL, B-SLICE, QP 40 )       2320 bits [Y 40.6892 dB    U 49.9544 dB    V 49.5870 dB] [ET    22 ] [L0 156c 152 144 128] [L1 160]
POC  157 LId:  0 TId: 5 ( RASL, B-SLICE, QP 41 )        800 bits [Y 41.0481 dB    U 49.9223 dB    V 49.6601 dB] [ET    12 ] [L0 156 152] [L1 158c 160]
POC  159 LId:  0 TId: 5 ( RASL, B-SLICE, QP 41 )       1232 bits [Y 41.9805 dB    U 50.1875 dB    V 49.9061 dB] [ET    10 ] [L0 158c 156] [L1 160]
POC  192 LId:  0 TId: 0 ( CRA, I-SLICE, QP 29 )     385456 bits [Y 43.5848 dB    U 49.9316 dB    V 49.6576 dB] [ET    98 ] [L0] [L1]
POC  176 LId:  0 TId: 1 ( RASL, B-SLICE, QP 34 )      43512 bits [Y 40.3307 dB    U 49.2757 dB    V 48.7415 dB] [ET   107 ] [L0 160 192] [L1 192c]
POC  168 LId:  0 TId: 2 ( RASL, B-SLICE, QP 35 )      18664 bits [Y 41.2089 dB    U 49.8773 dB    V 49.2898 dB] [ET    67 ] [L0 160 176 192] [L1 176c 192]
POC  164 LId:  0 TId: 3 ( RASL, B-SLICE, QP 38 )       5944 bits [Y 41.1991 dB    U 50.2812 dB    V 49.7484 dB] [ET    35 ] [L0 160 168 176] [L1 168c 176 192]
POC  162 LId:  0 TId: 4 ( RASL, B-SLICE, QP 40 )       3272 bits [Y 40.9074 dB    U 50.1211 dB    V 49.7570 dB] [ET    26 ] [L0 160 164 168] [L1 164c 168 176 192]
POC  161 LId:  0 TId: 5 ( RASL, B-SLICE, QP 41 )       1488 bits [Y 42.0680 dB    U 50.3018 dB    V 49.9801 dB] [ET    11 ] [L0 160] [L1 162c 164]
POC  163 LId:  0 TId: 5 ( RASL, B-SLICE, QP 41 )        760 bits [Y 41.1498 dB    U 50.2676 dB    V 49.8410 dB] [ET    12 ] [L0 162c 160] [L1 164 168]
POC  166 LId:  0 TId: 4 ( RASL, B-SLICE, QP 40 )       1488 bits [Y 41.0159 dB    U 50.1556 dB    V 49.5198 dB] [ET    21 ] [L0 164c 162 160] [L1 168 176 192]
POC  165 LId:  0 TId: 5 ( RASL, B-SLICE, QP 41 )       1568 bits [Y 41.0528 dB    U 50.2732 dB    V 49.6988 dB] [ET    13 ] [L0 164 160] [L1 166c 168]
POC  167 LId:  0 TId: 5 ( RASL, B-SLICE, QP 41 )       1584 bits [Y 40.1709 dB    U 49.8476 dB    V 49.2115 dB] [ET    15 ] [L0 166c 164] [L1 168 176]
POC  172 LId:  0 TId: 3 ( RASL, B-SLICE, QP 38 )       5096 bits [Y 40.6113 dB    U 49.7517 dB    V 49.1231 dB] [ET    34 ] [L0 168c 164 160] [L1 176 192]
POC  170 LId:  0 TId: 4 ( RASL, B-SLICE, QP 40 )       1872 bits [Y 40.5623 dB    U 49.7757 dB    V 49.1843 dB] [ET    23 ] [L0 168 166 164 160] [L1 172c 176 192]
POC  169 LId:  0 TId: 5 ( RASL, B-SLICE, QP 41 )        752 bits [Y 39.8934 dB    U 49.6651 dB    V 48.8840 dB] [ET    15 ] [L0 168 164] [L1 170c 172]
POC  171 LId:  0 TId: 5 ( RASL, B-SLICE, QP 41 )       1792 bits [Y 39.6924 dB    U 49.7046 dB    V 49.0490 dB] [ET    18 ] [L0 170c 168] [L1 172 176]
POC  174 LId:  0 TId: 4 ( RASL, B-SLICE, QP 40 )       1936 bits [Y 40.3812 dB    U 49.6327 dB    V 49.1184 dB] [ET    22 ] [L0 172c 170 168 160] [L1 176 192]
POC  173 LId:  0 TId: 5 ( RASL, B-SLICE, QP 41 )       1408 bits [Y 40.2500 dB    U 49.7182 dB    V 49.1171 dB] [ET    14 ] [L0 172 168] [L1 174c 176]
POC  175 LId:  0 TId: 5 ( RASL, B-SLICE, QP 41 )        840 bits [Y 40.6231 dB    U 49.5386 dB    V 49.1322 dB] [ET    13 ] [L0 174c 172] [L1 176 192]
POC  184 LId:  0 TId: 2 ( RASL, B-SLICE, QP 35 )      19696 bits [Y 40.8103 dB    U 49.6350 dB    V 48.8609 dB] [ET    89 ] [L0 176c 168 160] [L1 192]
POC  180 LId:  0 TId: 3 ( RASL, B-SLICE, QP 38 )       7008 bits [Y 39.7528 dB    U 49.3688 dB    V 48.8404 dB] [ET    44 ] [L0 176 168 160] [L1 184c 192]
POC  178 LId:  0 TId: 4 ( RASL, B-SLICE, QP 40 )       2336 bits [Y 39.7230 dB    U 49.4268 dB    V 48.8580 dB] [ET    24 ] [L0 176 168 160] [L1 180c 184 192]
POC  177 LId:  0 TId: 5 ( RASL, B-SLICE, QP 41 )       1096 bits [Y 40.6850 dB    U 49.5116 dB    V 49.0003 dB] [ET    12 ] [L0 176 168] [L1 178c 180]
POC  179 LId:  0 TId: 5 ( RASL, B-SLICE, QP 41 )       1080 bits [Y 40.3767 dB    U 49.5602 dB    V 49.0550 dB] [ET    12 ] [L0 178c 176] [L1 180 184]
POC  182 LId:  0 TId: 4 ( RASL, B-SLICE, QP 40 )       2160 bits [Y 40.1237 dB    U 49.5974 dB    V 48.9337 dB] [ET    23 ] [L0 180c 176 160] [L1 184 192 178]
POC  181 LId:  0 TId: 5 ( RASL, B-SLICE, QP 41 )       1152 bits [Y 40.0867 dB    U 49.6032 dB    V 49.0279 dB] [ET    13 ] [L0 180 176] [L1 182c 184]
POC  183 LId:  0 TId: 5 ( RASL, B-SLICE, QP 41 )       1304 bits [Y 40.3387 dB    U 49.5758 dB    V 48.8938 dB] [ET    14 ] [L0 182c 180] [L1 184 192]
POC  188 LId:  0 TId: 3 ( RASL, B-SLICE, QP 38 )       4304 bits [Y 41.1999 dB    U 49.9380 dB    V 49.3508 dB] [ET    31 ] [L0 184c 180 176 160] [L1 192]
POC  186 LId:  0 TId: 4 ( RASL, B-SLICE, QP 40 )       2080 bits [Y 40.5821 dB    U 49.7675 dB    V 49.0557 dB] [ET    23 ] [L0 184 180 176 160] [L1 188c 192]
POC  185 LId:  0 TId: 5 ( RASL, B-SLICE, QP 41 )       1544 bits [Y 39.7622 dB    U 49.5819 dB    V 48.7746 dB] [ET    18 ] [L0 184 180] [L1 186c 188]
POC  187 LId:  0 TId: 5 ( RASL, B-SLICE, QP 41 )       1000 bits [Y 39.9219 dB    U 49.6297 dB    V 48.9805 dB] [ET    16 ] [L0 186c 184] [L1 188 192]
POC  190 LId:  0 TId: 4 ( RASL, B-SLICE, QP 40 )       1560 bits [Y 41.9073 dB    U 50.0491 dB    V 49.6891 dB] [ET    20 ] [L0 188c 184 176 160] [L1 192]
POC  189 LId:  0 TId: 5 ( RASL, B-SLICE, QP 41 )       1504 bits [Y 40.3235 dB    U 49.7995 dB    V 49.1636 dB] [ET    17 ] [L0 188 184] [L1 190c 192]
POC  191 LId:  0 TId: 5 ( RASL, B-SLICE, QP 41 )       1064 bits [Y 42.6023 dB    U 50.0189 dB    V 49.7143 dB] [ET    14 ] [L0 190c 188] [L1 192]
POC  224 LId:  0 TId: 0 ( CRA, I-SLICE, QP 29 )     243712 bits [Y 44.7758 dB    U 49.9575 dB    V 49.5307 dB] [ET    77 ] [L0] [L1]
POC  208 LId:  0 TId: 1 ( RASL, B-SLICE, QP 34 )      34344 bits [Y 40.7196 dB    U 48.8857 dB    V 48.3957 dB] [ET   110 ] [L0 192 224] [L1 224c]
POC  200 LId:  0 TId: 2 ( RASL, B-SLICE, QP 35 )      16752 bits [Y 41.0788 dB    U 49.2561 dB    V 48.7211 dB] [ET    74 ] [L0 192 208 224] [L1 208c 224]
POC  196 LId:  0 TId: 3 ( RASL, B-SLICE, QP 38 )       4920 bits [Y 40.3987 dB    U 49.5724 dB    V 49.0448 dB] [ET    36 ] [L0 192 200 208] [L1 200c 208 224]
POC  194 LId:  0 TId: 4 ( RASL, B-SLICE, QP 40 )       2496 bits [Y 40.7248 dB    U 49.6605 dB    V 49.1704 dB] [ET    26 ] [L0 192 196 200] [L1 196c 200 208 224]
POC  193 LId:  0 TId: 5 ( RASL, B-SLICE, QP 41 )        840 bits [Y 42.4712 dB    U 50.0074 dB    V 49.6367 dB] [ET     9 ] [L0 192] [L1 194c 196]
POC  195 LId:  0 TId: 5 ( RASL, B-SLICE, QP 41 )        896 bits [Y 41.4825 dB    U 49.8037 dB    V 49.3930 dB] [ET    10 ] [L0 194c 192] [L1 196 200]
POC  198 LId:  0 TId: 4 ( RASL, B-SLICE, QP 40 )       2160 bits [Y 40.0431 dB    U 49.2842 dB    V 48.5627 dB] [ET    24 ] [L0 196c 194 192] [L1 200 208 224]
POC  197 LId:  0 TId: 5 ( RASL, B-SLICE, QP 41 )        992 bits [Y 40.9240 dB    U 49.6421 dB    V 49.0048 dB] [ET    11 ] [L0 196 192] [L1 198c 200]
POC  199 LId:  0 TId: 5 ( RASL, B-SLICE, QP 41 )        784 bits [Y 40.1819 dB    U 49.2058 dB    V 48.5610 dB] [ET    12 ] [L0 198c 196] [L1 200 208]
POC  204 LId:  0 TId: 3 ( RASL, B-SLICE, QP 38 )       3848 bits [Y 40.7898 dB    U 49.2352 dB    V 48.7644 dB] [ET    31 ] [L0 200c 196 192] [L1 208 224]
POC  202 LId:  0 TId: 4 ( RASL, B-SLICE, QP 40 )        864 bits [Y 40.7050 dB    U 49.2884 dB    V 48.8022 dB] [ET    20 ] [L0 200 198 196 192] [L1 204c 208 224]
POC  201 LId:  0 TId: 5 ( RASL, B-SLICE, QP 41 )       1336 bits [Y 40.1721 dB    U 49.1646 dB    V 48.5702 dB] [ET    16 ] [L0 200 196] [L1 202c 204]
POC  203 LId:  0 TId: 5 ( RASL, B-SLICE, QP 41 )       1120 bits [Y 40.7150 dB    U 49.2011 dB    V 48.7870 dB] [ET    12 ] [L0 202c 200] [L1 204 208]
POC  206 LId:  0 TId: 4 ( RASL, B-SLICE, QP 40 )       2168 bits [Y 40.1393 dB    U 48.9738 dB    V 48.4837 dB] [ET    22 ] [L0 204c 202 200 192] [L1 208 224]
POC  205 LId:  0 TId: 5 ( RASL, B-SLICE, QP 41 )        848 bits [Y 40.6279 dB    U 49.1843 dB    V 48.7122 dB] [ET    12 ] [L0 204 200] [L1 206c 208]
POC  207 LId:  0 TId: 5 ( RASL, B-SLICE, QP 41 )       1072 bits [Y 41.0120 dB    U 49.0945 dB    V 48.6779 dB] [ET    12 ] [L0 206c 204] [L1 208 224]
POC  216 LId:  0 TId: 2 ( RASL, B-SLICE, QP 35 )      15024 bits [Y 41.7621 dB    U 49.3143 dB    V 48.7262 dB] [ET    69 ] [L0 208c 200 192] [L1 224]
POC  212 LId:  0 TId: 3 ( RASL, B-SLICE, QP 38 )       4224 bits [Y 41.0732 dB    U 49.3424 dB    V 48.6367 dB] [ET    30 ] [L0 208 200 192] [L1 216c 224]
POC  210 LId:  0 TId: 4 ( RASL, B-SLICE, QP 40 )       2024 bits [Y 40.2894 dB    U 49.0187 dB    V 48.5028 dB] [ET    22 ] [L0 208 200 192] [L1 212c 216 224]
POC  209 LId:  0 TId: 5 ( RASL, B-SLICE, QP 41 )        928 bits [Y 41.1237 dB    U 49.2008 dB    V 48.6681 dB] [ET    11 ] [L0 208 200] [L1 210c 212]
POC  211 LId:  0 TId: 5 ( RASL, B-SLICE, QP 41 )        840 bits [Y 41.0533 dB    U 49.3491 dB    V 48.7411 dB] [ET    12 ] [L0 210c 208] [L1 212 216]
POC  214 LId:  0 TId: 4 ( RASL, B-SLICE, QP 40 )       1136 bits [Y 41.1293 dB    U 49.3831 dB    V 48.6859 dB] [ET    19 ] [L0 212c 208 192] [L1 216 224 210]
POC  213 LId:  0 TId: 5 ( RASL, B-SLICE, QP 41 )       1152 bits [Y 41.0795 dB    U 49.4152 dB    V 48.6735 dB] [ET    11 ] [L0 212 208] [L1 214c 216]
POC  215 LId:  0 TId: 5 ( RASL, B-SLICE, QP 41 )       1344 bits [Y 40.6217 dB    U 49.1650 dB    V 48.5084 dB] [ET    15 ] [L0 214c 212] [L1 216 224]
POC  220 LId:  0 TId: 3 ( RASL, B-SLICE, QP 38 )       4520 bits [Y 41.3229 dB    U 49.6135 dB    V 48.9603 dB] [ET    35 ] [L0 216c 212 208 192] [L1 224]
POC  218 LId:  0 TId: 4 ( RASL, B-SLICE, QP 40 )       2288 bits [Y 40.9869 dB    U 49.3454 dB    V 48.8246 dB] [ET    23 ] [L0 216 212 208 192] [L1 220c 224]
POC  217 LId:  0 TId: 5 ( RASL, B-SLICE, QP 41 )       1048 bits [Y 40.7984 dB    U 49.1601 dB    V 48.5764 dB] [ET    13 ] [L0 216 212] [L1 218c 220]
POC  219 LId:  0 TId: 5 ( RASL, B-SLICE, QP 41 )       1088 bits [Y 41.7702 dB    U 49.6370 dB    V 49.0823 dB] [ET    10 ] [L0 218c 216] [L1 220 224]
POC  222 LId:  0 TId: 4 ( RASL, B-SLICE, QP 40 )       2024 bits [Y 41.7232 dB    U 49.6919 dB    V 49.0194 dB] [ET    20 ] [L0 220c 216 208 192] [L1 224]
POC  221 LId:  0 TId: 5 ( RASL, B-SLICE, QP 41 )        904 bits [Y 42.3151 dB    U 49.9412 dB    V 49.2747 dB] [ET    10 ] [L0 220 216] [L1 222c 224]
POC  223 LId:  0 TId: 5 ( RASL, B-SLICE, QP 41 )        608 bits [Y 43.2930 dB    U 50.0571 dB    V 49.4485 dB] [ET     9 ] [L0 222c 220] [L1 224]
POC  256 LId:  0 TId: 0 ( CRA, I-SLICE, QP 29 )     205672 bits [Y 45.1248 dB    U 50.1001 dB    V 49.6036 dB] [ET    66 ] [L0] [L1]
POC  240 LId:  0 TId: 1 ( RASL, B-SLICE, QP 34 )      25152 bits [Y 43.1750 dB    U 49.3573 dB    V 48.4256 dB] [ET    72 ] [L0 224 256] [L1 256c]
POC  232 LId:  0 TId: 2 ( RASL, B-SLICE, QP 35 )      13608 bits [Y 42.9400 dB    U 49.6055 dB    V 48.9434 dB] [ET    55 ] [L0 224 240 256] [L1 240c 256]
POC  228 LId:  0 TId: 3 ( RASL, B-SLICE, QP 38 )       3928 bits [Y 42.6900 dB    U 49.7838 dB    V 49.1264 dB] [ET    27 ] [L0 224 232 240] [L1 232c 240 256]
POC  226 LId:  0 TId: 4 ( RASL, B-SLICE, QP 40 )       1616 bits [Y 43.0625 dB    U 50.0832 dB    V 49.3626 dB] [ET    18 ] [L0 224 228 232] [L1 228c 232 240 256]
POC  225 LId:  0 TId: 5 ( RASL, B-SLICE, QP 41 )       1072 bits [Y 43.5531 dB    U 50.1540 dB    V 49.6228 dB] [ET     9 ] [L0 224] [L1 226c 228]
POC  227 LId:  0 TId: 5 ( RASL, B-SLICE, QP 41 )       1576 bits [Y 41.8732 dB    U 49.6830 dB    V 48.9737 dB] [ET    14 ] [L0 226c 224] [L1 228 232]
POC  230 LId:  0 TId: 4 ( RASL, B-SLICE, QP 40 )       2192 bits [Y 41.7700 dB    U 49.6568 dB    V 48.7801 dB] [ET    22 ] [L0 228c 226 224] [L1 232 240 256]
POC  229 LId:  0 TId: 5 ( RASL, B-SLICE, QP 41 )       1120 bits [Y 41.6965 dB    U 49.6213 dB    V 48.7320 dB] [ET    12 ] [L0 228 224] [L1 230c 232]
POC  231 LId:  0 TId: 5 ( RASL, B-SLICE, QP 41 )       1160 bits [Y 42.4339 dB    U 49.7005 dB    V 48.9701 dB] [ET    11 ] [L0 230c 228] [L1 232 240]
POC  236 LId:  0 TId: 3 ( RASL, B-SLICE, QP 38 )       4568 bits [Y 42.5911 dB    U 49.6969 dB    V 48.7290 dB] [ET    30 ] [L0 232c 228 224] [L1 240 256]
POC  234 LId:  0 TId: 4 ( RASL, B-SLICE, QP 40 )       1912 bits [Y 42.5095 dB    U 49.6688 dB    V 48.9025 dB] [ET    21 ] [L0 232 230 228 224] [L1 236c 240 256]
POC  233 LId:  0 TId: 5 ( RASL, B-SLICE, QP 41 )       1328 bits [Y 41.8233 dB    U 49.5267 dB    V 48.7222 dB] [ET    15 ] [L0 232 228] [L1 234c 236]
POC  235 LId:  0 TId: 5 ( RASL, B-SLICE, QP 41 )        800 bits [Y 41.6728 dB    U 49.5696 dB    V 48.6770 dB] [ET    15 ] [L0 234c 232] [L1 236 240]
POC  238 LId:  0 TId: 4 ( RASL, B-SLICE, QP 40 )       1176 bits [Y 42.6563 dB    U 49.5827 dB    V 48.6621 dB] [ET    17 ] [L0 236c 234 232 224] [L1 240 256]
POC  237 LId:  0 TId: 5 ( RASL, B-SLICE, QP 41 )       1232 bits [Y 41.7722 dB    U 49.4953 dB    V 48.4407 dB] [ET    15 ] [L0 236 232] [L1 238c 240]
POC  239 LId:  0 TId: 5 ( RASL, B-SLICE, QP 41 )       1208 bits [Y 42.7475 dB    U 49.3874 dB    V 48.4925 dB] [ET    12 ] [L0 238c 236] [L1 240 256]
POC  248 LId:  0 TId: 2 ( RASL, B-SLICE, QP 35 )      12728 bits [Y 42.9084 dB    U 49.6861 dB    V 48.7055 dB] [ET    55 ] [L0 240c 232 224] [L1 256]
POC  244 LId:  0 TId: 3 ( RASL, B-SLICE, QP 38 )       3896 bits [Y 42.7570 dB    U 49.6615 dB    V 48.6717 dB] [ET    30 ] [L0 240 232 224] [L1 248c 256]
POC  242 LId:  0 TId: 4 ( RASL, B-SLICE, QP 40 )       1888 bits [Y 42.0517 dB    U 49.4222 dB    V 48.4250 dB] [ET    22 ] [L0 240 232 224] [L1 244c 248 256]
POC  241 LId:  0 TId: 5 ( RASL, B-SLICE, QP 41 )        912 bits [Y 42.6891 dB    U 49.4600 dB    V 48.5264 dB] [ET    11 ] [L0 240 232] [L1 242c 244]
POC  243 LId:  0 TId: 5 ( RASL, B-SLICE, QP 41 )       1280 bits [Y 42.3746 dB    U 49.5679 dB    V 48.5772 dB] [ET    12 ] [L0 242c 240] [L1 244 248]
POC  246 LId:  0 TId: 4 ( RASL, B-SLICE, QP 40 )       1536 bits [Y 42.8561 dB    U 49.8649 dB    V 48.8771 dB] [ET    18 ] [L0 244c 240 224] [L1 248 256 242]
POC  245 LId:  0 TId: 5 ( RASL, B-SLICE, QP 41 )       1088 bits [Y 42.6609 dB    U 49.8072 dB    V 48.8111 dB] [ET    11 ] [L0 244 240] [L1 246c 248]
POC  247 LId:  0 TId: 5 ( RASL, B-SLICE, QP 41 )        824 bits [Y 42.9788 dB    U 49.8377 dB    V 48.8823 dB] [ET    11 ] [L0 246c 244] [L1 248 256]
POC  252 LId:  0 TId: 3 ( RASL, B-SLICE, QP 38 )       4544 bits [Y 42.8631 dB    U 49.9161 dB    V 48.9260 dB] [ET    29 ] [L0 248c 244 240 224] [L1 256]
POC  250 LId:  0 TId: 4 ( RASL, B-SLICE, QP 40 )       1680 bits [Y 42.5108 dB    U 49.7791 dB    V 48.7740 dB] [ET    19 ] [L0 248 244 240 224] [L1 252c 256]
POC  249 LId:  0 TId: 5 ( RASL, B-SLICE, QP 41 )        840 bits [Y 43.2529 dB    U 49.8558 dB    V 48.9492 dB] [ET     9 ] [L0 248 244] [L1 250c 252]
POC  251 LId:  0 TId: 5 ( RASL, B-SLICE, QP 41 )        952 bits [Y 43.2609 dB    U 50.1153 dB    V 49.1450 dB] [ET    10 ] [L0 250c 248] [L1 252 256]
POC  254 LId:  0 TId: 4 ( RASL, B-SLICE, QP 40 )       2120 bits [Y 43.3177 dB    U 50.1072 dB    V 49.4314 dB] [ET    19 ] [L0 252c 248 240 224] [L1 256]
POC  253 LId:  0 TId: 5 ( RASL, B-SLICE, QP 41 )        968 bits [Y 42.8924 dB    U 50.0035 dB    V 49.0959 dB] [ET    11 ] [L0 252 248] [L1 254c 256]
POC  255 LId:  0 TId: 5 ( RASL, B-SLICE, QP 41 )       1192 bits [Y 44.5174 dB    U 50.2478 dB    V 49.7000 dB] [ET     8 ] [L0 254c 252] [L1 256]
POC  288 LId:  0 TId: 0 ( CRA, I-SLICE, QP 29 )     201968 bits [Y 45.6709 dB    U 50.3136 dB    V 49.8391 dB] [ET    65 ] [L0] [L1]
POC  272 LId:  0 TId: 1 ( RASL, B-SLICE, QP 34 )      21768 bits [Y 43.7142 dB    U 49.6794 dB    V 49.0904 dB] [ET    68 ] [L0 256 288] [L1 288c]
POC  264 LId:  0 TId: 2 ( RASL, B-SLICE, QP 35 )      12512 bits [Y 43.6519 dB    U 49.9332 dB    V 49.3703 dB] [ET    52 ] [L0 256 272 288] [L1 272c 288]
POC  260 LId:  0 TId: 3 ( RASL, B-SLICE, QP 38 )       3680 bits [Y 43.6272 dB    U 50.1468 dB    V 49.5310 dB] [ET    26 ] [L0 256 264 272] [L1 264c 272 288]
POC  258 LId:  0 TId: 4 ( RASL, B-SLICE, QP 40 )       1712 bits [Y 43.4814 dB    U 50.1352 dB    V 49.5201 dB] [ET    19 ] [L0 256 260 264] [L1 260c 264 272 288]
POC  257 LId:  0 TId: 5 ( RASL, B-SLICE, QP 41 )       1248 bits [Y 44.4537 dB    U 50.3329 dB    V 49.7425 dB] [ET     9 ] [L0 256] [L1 258c 260]
POC  259 LId:  0 TId: 5 ( RASL, B-SLICE, QP 41 )        880 bits [Y 43.6863 dB    U 50.3179 dB    V 49.6644 dB] [ET    10 ] [L0 258c 256] [L1 260 264]
POC  262 LId:  0 TId: 4 ( RASL, B-SLICE, QP 40 )       1424 bits [Y 43.3226 dB    U 50.0556 dB    V 49.5503 dB] [ET    17 ] [L0 260c 258 256] [L1 264 272 288]
POC  261 LId:  0 TId: 5 ( RASL, B-SLICE, QP 41 )       1184 bits [Y 43.3726 dB    U 50.1597 dB    V 49.6375 dB] [ET    10 ] [L0 260 256] [L1 262c 264]
POC  263 LId:  0 TId: 5 ( RASL, B-SLICE, QP 41 )       1416 bits [Y 42.6957 dB    U 49.8497 dB    V 49.2695 dB] [ET    12 ] [L0 262c 260] [L1 264 272]
POC  268 LId:  0 TId: 3 ( RASL, B-SLICE, QP 38 )       3168 bits [Y 43.2071 dB    U 49.9185 dB    V 49.2912 dB] [ET    24 ] [L0 264c 260 256] [L1 272 288]
POC  266 LId:  0 TId: 4 ( RASL, B-SLICE, QP 40 )       2208 bits [Y 42.9780 dB    U 49.9310 dB    V 49.3636 dB] [ET    19 ] [L0 264 262 260 256] [L1 268c 272 288]
POC  265 LId:  0 TId: 5 ( RASL, B-SLICE, QP 41 )       1128 bits [Y 42.5356 dB    U 49.7668 dB    V 49.1600 dB] [ET    13 ] [L0 264 260] [L1 266c 268]
POC  267 LId:  0 TId: 5 ( RASL, B-SLICE, QP 41 )       1272 bits [Y 42.3434 dB    U 49.7782 dB    V 49.1357 dB] [ET    13 ] [L0 266c 264] [L1 268 272]
POC  270 LId:  0 TId: 4 ( RASL, B-SLICE, QP 40 )       2168 bits [Y 42.4327 dB    U 49.6402 dB    V 49.0538 dB] [ET    20 ] [L0 268c 266 264 256] [L1 272 288]
POC  269 LId:  0 TId: 5 ( RASL, B-SLICE, QP 41 )       1128 bits [Y 42.8930 dB    U 49.7830 dB    V 49.2451 dB] [ET    10 ] [L0 268 264] [L1 270c 272]
POC  271 LId:  0 TId: 5 ( RASL, B-SLICE, QP 41 )       1184 bits [Y 43.0872 dB    U 49.8276 dB    V 49.2457 dB] [ET    11 ] [L0 270c 268] [L1 272 288]
POC  280 LId:  0 TId: 2 ( RASL, B-SLICE, QP 35 )      10512 bits [Y 43.6764 dB    U 50.0392 dB    V 49.2829 dB] [ET    45 ] [L0 272c 264 256] [L1 288]
POC  276 LId:  0 TId: 3 ( RASL, B-SLICE, QP 38 )       4320 bits [Y 43.1578 dB    U 49.9495 dB    V 49.1147 dB] [ET    29 ] [L0 272 264 256] [L1 280c 288]
POC  274 LId:  0 TId: 4 ( RASL, B-SLICE, QP 40 )       1384 bits [Y 43.1325 dB    U 49.8778 dB    V 49.2291 dB] [ET    17 ] [L0 272 264 256] [L1 276c 280 288]
POC  273 LId:  0 TId: 5 ( RASL, B-SLICE, QP 41 )       1152 bits [Y 43.0727 dB    U 49.8164 dB    V 49.2108 dB] [ET    11 ] [L0 272 264] [L1 274c 276]
POC  275 LId:  0 TId: 5 ( RASL, B-SLICE, QP 41 )       1504 bits [Y 42.3609 dB    U 49.7392 dB    V 48.9085 dB] [ET    14 ] [L0 274c 272] [L1 276 280]
POC  278 LId:  0 TId: 4 ( RASL, B-SLICE, QP 40 )       1320 bits [Y 43.1110 dB    U 50.0724 dB    V 49.3028 dB] [ET    16 ] [L0 276c 272 256] [L1 280 288 274]
POC  277 LId:  0 TId: 5 ( RASL, B-SLICE, QP 41 )        936 bits [Y 42.2867 dB    U 49.8484 dB    V 49.0158 dB] [ET    13 ] [L0 276 272] [L1 278c 280]
POC  279 LId:  0 TId: 5 ( RASL, B-SLICE, QP 41 )       1384 bits [Y 42.5208 dB    U 49.8823 dB    V 49.0917 dB] [ET    14 ] [L0 278c 276] [L1 280 288]
POC  284 LId:  0 TId: 3 ( RASL, B-SLICE, QP 38 )       4072 bits [Y 43.1282 dB    U 50.1729 dB    V 49.1762 dB] [ET    28 ] [L0 280c 276 272 256] [L1 288]
POC  282 LId:  0 TId: 4 ( RASL, B-SLICE, QP 40 )       2016 bits [Y 43.3259 dB    U 50.1686 dB    V 49.4576 dB] [ET    17 ] [L0 280 276 272 256] [L1 284c 288]
POC  281 LId:  0 TId: 5 ( RASL, B-SLICE, QP 41 )       1216 bits [Y 43.2679 dB    U 50.1375 dB    V 49.3937 dB] [ET    11 ] [L0 280 276] [L1 282c 284]
POC  283 LId:  0 TId: 5 ( RASL, B-SLICE, QP 41 )       1056 bits [Y 43.4347 dB    U 50.3029 dB    V 49.4692 dB] [ET    11 ] [L0 282c 280] [L1 284 288]
POC  286 LId:  0 TId: 4 ( RASL, B-SLICE, QP 40 )       1424 bits [Y 43.7782 dB    U 50.4430 dB    V 49.7560 dB] [ET    15 ] [L0 284c 280 272 256] [L1 288]
POC  285 LId:  0 TId: 5 ( RASL, B-SLICE, QP 41 )       1176 bits [Y 43.4750 dB    U 50.3882 dB    V 49.4919 dB] [ET     9 ] [L0 284 280] [L1 286c 288]
POC  287 LId:  0 TId: 5 ( RASL, B-SLICE, QP 41 )       1352 bits [Y 43.5508 dB    U 50.3651 dB    V 49.7033 dB] [ET    12 ] [L0 286c 284] [L1 288]
POC  296 LId:  0 TId: 2 ( STSA, B-SLICE, QP 35 )      20200 bits [Y 43.2309 dB    U 49.4621 dB    V 48.8373 dB] [ET    57 ] [L0 288] [L1 288c]
POC  292 LId:  0 TId: 3 ( STSA, B-SLICE, QP 38 )       4464 bits [Y 43.4128 dB    U 50.1085 dB    V 49.3164 dB] [ET    23 ] [L0 288 296] [L1 296c 288]
POC  290 LId:  0 TId: 4 ( STSA, B-SLICE, QP 40 )       2160 bits [Y 43.7944 dB    U 50.2583 dB    V 49.6215 dB] [ET    16 ] [L0 288 292 296] [L1 292c 296 288]
POC  289 LId:  0 TId: 5 ( STSA, B-SLICE, QP 41 )       1144 bits [Y 43.6557 dB    U 50.1322 dB    V 49.6798 dB] [ET    11 ] [L0 288] [L1 290c 292]
POC  291 LId:  0 TId: 5 ( STSA, B-SLICE, QP 41 )       1488 bits [Y 42.8297 dB    U 50.0909 dB    V 49.2852 dB] [ET    12 ] [L0 290c 288] [L1 292 296]
POC  294 LId:  0 TId: 4 ( TRAIL, B-SLICE, QP 40 )       1744 bits [Y 43.1462 dB    U 49.9004 dB    V 49.0829 dB] [ET    16 ] [L0 292c 290 288] [L1 296 292 290]
POC  293 LId:  0 TId: 5 ( STSA, B-SLICE, QP 41 )       1168 bits [Y 43.0910 dB    U 50.0074 dB    V 49.1880 dB] [ET    10 ] [L0 292 288] [L1 294c 296]
POC  295 LId:  0 TId: 5 ( STSA, B-SLICE, QP 41 )        944 bits [Y 43.2544 dB    U 49.7319 dB    V 49.0678 dB] [ET    10 ] [L0 294c 292] [L1 296 294]
POC  298 LId:  0 TId: 4 ( TRAIL, B-SLICE, QP 40 )       3664 bits [Y 42.2225 dB    U 49.1750 dB    V 48.5428 dB] [ET    24 ] [L0 296 294 292 288] [L1 296c 294 292]
POC  297 LId:  0 TId: 5 ( STSA, B-SLICE, QP 41 )       1392 bits [Y 43.1320 dB    U 49.4701 dB    V 48.9550 dB] [ET    10 ] [L0 296 292] [L1 298c 296]
POC  299 LId:  0 TId: 5 ( STSA, B-SLICE, QP 41 )       2864 bits [Y 41.8333 dB    U 49.0770 dB    V 48.3711 dB] [ET    17 ] [L0 298 296] [L1 298c 296]

Memory Usage: VmPeak= 1851776 KB ( 1.8 GiB ),  VmHWM= 1654504 KB ( 1.6 GiB )

LayerId  0
	Total Frames |  Bitrate      Y-PSNR   U-PSNR   V-PSNR   YUV-PSNR 
	300          a  374.1248     42.2087  49.6102  48.6470  43.3124  

 finished @ Wed Mar  4 17:40:20 2026
 Total Time:     6986.514 sec. [user]     7005.261 sec. [elapsed]
