/scratch/zr2245/anaconda3/envs/gs/bin/python
2.2.0+cu118
True
Running on host: gl012.hpc.nyu.edu
CUDA_VISIBLE_DEVICES=0
Using python: /scratch/zr2245/anaconda3/envs/gs/bin/python
Start time: Fri Mar  6 12:16:14 AM EST 2026
Epoch 01
  train_model_bits   = 0.929216
  val_model_bits     = 0.842522
  val_cabac_bits     = 0.604803
  val_delta_bits     = 0.237719
  sig_model_bits     = 0.834526
  sig_cabac_bits     = 0.527624
  sig_delta_bits     = 0.306901
  gt1_model_bits     = 0.853090
  gt1_cabac_bits     = 0.706818
  gt1_delta_bits     = 0.146273
  n_total=136009  n_sig=77430  n_gt1=58579
Epoch 02
  train_model_bits   = 0.775131
  val_model_bits     = 0.698285
  val_cabac_bits     = 0.604803
  val_delta_bits     = 0.093482
  sig_model_bits     = 0.643695
  sig_cabac_bits     = 0.527624
  sig_delta_bits     = 0.116071
  gt1_model_bits     = 0.770441
  gt1_cabac_bits     = 0.706818
  gt1_delta_bits     = 0.063623
  n_total=136009  n_sig=77430  n_gt1=58579
Epoch 03
  train_model_bits   = 0.677818
  val_model_bits     = 0.643556
  val_cabac_bits     = 0.604803
  val_delta_bits     = 0.038753
  sig_model_bits     = 0.574722
  sig_cabac_bits     = 0.527624
  sig_delta_bits     = 0.047098
  gt1_model_bits     = 0.734540
  gt1_cabac_bits     = 0.706818
  gt1_delta_bits     = 0.027722
  n_total=136009  n_sig=77430  n_gt1=58579
Epoch 04
  train_model_bits   = 0.648286
  val_model_bits     = 0.629939
  val_cabac_bits     = 0.604803
  val_delta_bits     = 0.025136
  sig_model_bits     = 0.557357
  sig_cabac_bits     = 0.527624
  sig_delta_bits     = 0.029733
  gt1_model_bits     = 0.725878
  gt1_cabac_bits     = 0.706818
  gt1_delta_bits     = 0.019061
  n_total=136009  n_sig=77430  n_gt1=58579
Epoch 05
  train_model_bits   = 0.639468
  val_model_bits     = 0.624050
  val_cabac_bits     = 0.604803
  val_delta_bits     = 0.019247
  sig_model_bits     = 0.549610
  sig_cabac_bits     = 0.527624
  sig_delta_bits     = 0.021985
  gt1_model_bits     = 0.722446
  gt1_cabac_bits     = 0.706818
  gt1_delta_bits     = 0.015628
  n_total=136009  n_sig=77430  n_gt1=58579
Epoch 06
  train_model_bits   = 0.635037
  val_model_bits     = 0.620915
  val_cabac_bits     = 0.604803
  val_delta_bits     = 0.016112
  sig_model_bits     = 0.545545
  sig_cabac_bits     = 0.527624
  sig_delta_bits     = 0.017920
  gt1_model_bits     = 0.720540
  gt1_cabac_bits     = 0.706818
  gt1_delta_bits     = 0.013722
  n_total=136009  n_sig=77430  n_gt1=58579
Epoch 07
  train_model_bits   = 0.632060
  val_model_bits     = 0.618208
  val_cabac_bits     = 0.604803
  val_delta_bits     = 0.013405
  sig_model_bits     = 0.541881
  sig_cabac_bits     = 0.527624
  sig_delta_bits     = 0.014256
  gt1_model_bits     = 0.719097
  gt1_cabac_bits     = 0.706818
  gt1_delta_bits     = 0.012279
  n_total=136009  n_sig=77430  n_gt1=58579
Epoch 08
  train_model_bits   = 0.629915
  val_model_bits     = 0.616690
  val_cabac_bits     = 0.604803
  val_delta_bits     = 0.011887
  sig_model_bits     = 0.539924
  sig_cabac_bits     = 0.527624
  sig_delta_bits     = 0.012300
  gt1_model_bits     = 0.718159
  gt1_cabac_bits     = 0.706818
  gt1_delta_bits     = 0.011341
  n_total=136009  n_sig=77430  n_gt1=58579
Epoch 09
  train_model_bits   = 0.628535
  val_model_bits     = 0.615128
  val_cabac_bits     = 0.604803
  val_delta_bits     = 0.010325
  sig_model_bits     = 0.538161
  sig_cabac_bits     = 0.527624
  sig_delta_bits     = 0.010536
  gt1_model_bits     = 0.716863
  gt1_cabac_bits     = 0.706818
  gt1_delta_bits     = 0.010045
  n_total=136009  n_sig=77430  n_gt1=58579
Epoch 10
  train_model_bits   = 0.626963
  val_model_bits     = 0.614090
  val_cabac_bits     = 0.604803
  val_delta_bits     = 0.009287
  sig_model_bits     = 0.537102
  sig_cabac_bits     = 0.527624
  sig_delta_bits     = 0.009478
  gt1_model_bits     = 0.715853
  gt1_cabac_bits     = 0.706818
  gt1_delta_bits     = 0.009036
  n_total=136009  n_sig=77430  n_gt1=58579
Epoch 11
  train_model_bits   = 0.625870
  val_model_bits     = 0.613166
  val_cabac_bits     = 0.604803
  val_delta_bits     = 0.008363
  sig_model_bits     = 0.536028
  sig_cabac_bits     = 0.527624
  sig_delta_bits     = 0.008403
  gt1_model_bits     = 0.715129
  gt1_cabac_bits     = 0.706818
  gt1_delta_bits     = 0.008311
  n_total=136009  n_sig=77430  n_gt1=58579
Epoch 12
  train_model_bits   = 0.624903
  val_model_bits     = 0.612394
  val_cabac_bits     = 0.604803
  val_delta_bits     = 0.007591
  sig_model_bits     = 0.535409
  sig_cabac_bits     = 0.527624
  sig_delta_bits     = 0.007784
  gt1_model_bits     = 0.714154
  gt1_cabac_bits     = 0.706818
  gt1_delta_bits     = 0.007336
  n_total=136009  n_sig=77430  n_gt1=58579
Epoch 13
  train_model_bits   = 0.623964
  val_model_bits     = 0.611695
  val_cabac_bits     = 0.604803
  val_delta_bits     = 0.006893
  sig_model_bits     = 0.534442
  sig_cabac_bits     = 0.527624
  sig_delta_bits     = 0.006818
  gt1_model_bits     = 0.713809
  gt1_cabac_bits     = 0.706818
  gt1_delta_bits     = 0.006992
  n_total=136009  n_sig=77430  n_gt1=58579
Epoch 14
  train_model_bits   = 0.623105
  val_model_bits     = 0.610789
  val_cabac_bits     = 0.604803
  val_delta_bits     = 0.005986
  sig_model_bits     = 0.533719
  sig_cabac_bits     = 0.527624
  sig_delta_bits     = 0.006095
  gt1_model_bits     = 0.712661
  gt1_cabac_bits     = 0.706818
  gt1_delta_bits     = 0.005843
  n_total=136009  n_sig=77430  n_gt1=58579
Epoch 15
  train_model_bits   = 0.622187
  val_model_bits     = 0.610693
  val_cabac_bits     = 0.604803
  val_delta_bits     = 0.005890
  sig_model_bits     = 0.532803
  sig_cabac_bits     = 0.527624
  sig_delta_bits     = 0.005178
  gt1_model_bits     = 0.713649
  gt1_cabac_bits     = 0.706818
  gt1_delta_bits     = 0.006831
  n_total=136009  n_sig=77430  n_gt1=58579
Epoch 16
  train_model_bits   = 0.621673
  val_model_bits     = 0.609848
  val_cabac_bits     = 0.604803
  val_delta_bits     = 0.005045
  sig_model_bits     = 0.532801
  sig_cabac_bits     = 0.527624
  sig_delta_bits     = 0.005176
  gt1_model_bits     = 0.711689
  gt1_cabac_bits     = 0.706818
  gt1_delta_bits     = 0.004872
  n_total=136009  n_sig=77430  n_gt1=58579
Epoch 17
  train_model_bits   = 0.620603
  val_model_bits     = 0.609018
  val_cabac_bits     = 0.604803
  val_delta_bits     = 0.004215
  sig_model_bits     = 0.531778
  sig_cabac_bits     = 0.527624
  sig_delta_bits     = 0.004154
  gt1_model_bits     = 0.711114
  gt1_cabac_bits     = 0.706818
  gt1_delta_bits     = 0.004296
  n_total=136009  n_sig=77430  n_gt1=58579
Epoch 18
  train_model_bits   = 0.619885
  val_model_bits     = 0.608440
  val_cabac_bits     = 0.604803
  val_delta_bits     = 0.003638
  sig_model_bits     = 0.531331
  sig_cabac_bits     = 0.527624
  sig_delta_bits     = 0.003707
  gt1_model_bits     = 0.710364
  gt1_cabac_bits     = 0.706818
  gt1_delta_bits     = 0.003546
  n_total=136009  n_sig=77430  n_gt1=58579
Epoch 19
  train_model_bits   = 0.619167
  val_model_bits     = 0.608428
  val_cabac_bits     = 0.604803
  val_delta_bits     = 0.003625
  sig_model_bits     = 0.531017
  sig_cabac_bits     = 0.527624
  sig_delta_bits     = 0.003393
  gt1_model_bits     = 0.710750
  gt1_cabac_bits     = 0.706818
  gt1_delta_bits     = 0.003933
  n_total=136009  n_sig=77430  n_gt1=58579
Epoch 20
  train_model_bits   = 0.618500
  val_model_bits     = 0.607499
  val_cabac_bits     = 0.604803
  val_delta_bits     = 0.002696
  sig_model_bits     = 0.529883
  sig_cabac_bits     = 0.527624
  sig_delta_bits     = 0.002259
  gt1_model_bits     = 0.710091
  gt1_cabac_bits     = 0.706818
  gt1_delta_bits     = 0.003273
  n_total=136009  n_sig=77430  n_gt1=58579
Epoch 21
  train_model_bits   = 0.617839
  val_model_bits     = 0.606755
  val_cabac_bits     = 0.604803
  val_delta_bits     = 0.001952
  sig_model_bits     = 0.529515
  sig_cabac_bits     = 0.527624
  sig_delta_bits     = 0.001891
  gt1_model_bits     = 0.708851
  gt1_cabac_bits     = 0.706818
  gt1_delta_bits     = 0.002034
  n_total=136009  n_sig=77430  n_gt1=58579
Epoch 22
  train_model_bits   = 0.617140
  val_model_bits     = 0.606076
  val_cabac_bits     = 0.604803
  val_delta_bits     = 0.001273
  sig_model_bits     = 0.528702
  sig_cabac_bits     = 0.527624
  sig_delta_bits     = 0.001077
  gt1_model_bits     = 0.708351
  gt1_cabac_bits     = 0.706818
  gt1_delta_bits     = 0.001533
  n_total=136009  n_sig=77430  n_gt1=58579
Epoch 23
  train_model_bits   = 0.616400
  val_model_bits     = 0.605716
  val_cabac_bits     = 0.604803
  val_delta_bits     = 0.000913
  sig_model_bits     = 0.528112
  sig_cabac_bits     = 0.527624
  sig_delta_bits     = 0.000487
  gt1_model_bits     = 0.708293
  gt1_cabac_bits     = 0.706818
  gt1_delta_bits     = 0.001475
  n_total=136009  n_sig=77430  n_gt1=58579
Epoch 24
  train_model_bits   = 0.616097
  val_model_bits     = 0.605468
  val_cabac_bits     = 0.604803
  val_delta_bits     = 0.000666
  sig_model_bits     = 0.527482
  sig_cabac_bits     = 0.527624
  sig_delta_bits     = -0.000143
  gt1_model_bits     = 0.708551
  gt1_cabac_bits     = 0.706818
  gt1_delta_bits     = 0.001734
  n_total=136009  n_sig=77430  n_gt1=58579
Epoch 25
  train_model_bits   = 0.616080
  val_model_bits     = 0.605650
  val_cabac_bits     = 0.604803
  val_delta_bits     = 0.000847
  sig_model_bits     = 0.528089
  sig_cabac_bits     = 0.527624
  sig_delta_bits     = 0.000464
  gt1_model_bits     = 0.708171
  gt1_cabac_bits     = 0.706818
  gt1_delta_bits     = 0.001353
  n_total=136009  n_sig=77430  n_gt1=58579
Epoch 26
  train_model_bits   = 0.615178
  val_model_bits     = 0.604688
  val_cabac_bits     = 0.604803
  val_delta_bits     = -0.000115
  sig_model_bits     = 0.527058
  sig_cabac_bits     = 0.527624
  sig_delta_bits     = -0.000567
  gt1_model_bits     = 0.707300
  gt1_cabac_bits     = 0.706818
  gt1_delta_bits     = 0.000482
  n_total=136009  n_sig=77430  n_gt1=58579
Epoch 27
  train_model_bits   = 0.614623
  val_model_bits     = 0.604084
  val_cabac_bits     = 0.604803
  val_delta_bits     = -0.000719
  sig_model_bits     = 0.526310
  sig_cabac_bits     = 0.527624
  sig_delta_bits     = -0.001314
  gt1_model_bits     = 0.706887
  gt1_cabac_bits     = 0.706818
  gt1_delta_bits     = 0.000069
  n_total=136009  n_sig=77430  n_gt1=58579
Epoch 28
  train_model_bits   = 0.614266
  val_model_bits     = 0.603897
  val_cabac_bits     = 0.604803
  val_delta_bits     = -0.000906
  sig_model_bits     = 0.526103
  sig_cabac_bits     = 0.527624
  sig_delta_bits     = -0.001522
  gt1_model_bits     = 0.706726
  gt1_cabac_bits     = 0.706818
  gt1_delta_bits     = -0.000091
  n_total=136009  n_sig=77430  n_gt1=58579
Epoch 29
  train_model_bits   = 0.613766
  val_model_bits     = 0.603656
  val_cabac_bits     = 0.604803
  val_delta_bits     = -0.001147
  sig_model_bits     = 0.525847
  sig_cabac_bits     = 0.527624
  sig_delta_bits     = -0.001778
  gt1_model_bits     = 0.706504
  gt1_cabac_bits     = 0.706818
  gt1_delta_bits     = -0.000313
  n_total=136009  n_sig=77430  n_gt1=58579
Epoch 30
  train_model_bits   = 0.613236
  val_model_bits     = 0.604078
  val_cabac_bits     = 0.604803
  val_delta_bits     = -0.000725
  sig_model_bits     = 0.525862
  sig_cabac_bits     = 0.527624
  sig_delta_bits     = -0.001762
  gt1_model_bits     = 0.707464
  gt1_cabac_bits     = 0.706818
  gt1_delta_bits     = 0.000647
  n_total=136009  n_sig=77430  n_gt1=58579
Epoch 31
  train_model_bits   = 0.613060
  val_model_bits     = 0.603379
  val_cabac_bits     = 0.604803
  val_delta_bits     = -0.001424
  sig_model_bits     = 0.525710
  sig_cabac_bits     = 0.527624
  sig_delta_bits     = -0.001914
  gt1_model_bits     = 0.706041
  gt1_cabac_bits     = 0.706818
  gt1_delta_bits     = -0.000776
  n_total=136009  n_sig=77430  n_gt1=58579
Epoch 32
  train_model_bits   = 0.612702
  val_model_bits     = 0.603348
  val_cabac_bits     = 0.604803
  val_delta_bits     = -0.001455
  sig_model_bits     = 0.525114
  sig_cabac_bits     = 0.527624
  sig_delta_bits     = -0.002510
  gt1_model_bits     = 0.706758
  gt1_cabac_bits     = 0.706818
  gt1_delta_bits     = -0.000060
  n_total=136009  n_sig=77430  n_gt1=58579
Epoch 33
  train_model_bits   = 0.612703
  val_model_bits     = 0.603017
  val_cabac_bits     = 0.604803
  val_delta_bits     = -0.001785
  sig_model_bits     = 0.524997
  sig_cabac_bits     = 0.527624
  sig_delta_bits     = -0.002627
  gt1_model_bits     = 0.706145
  gt1_cabac_bits     = 0.706818
  gt1_delta_bits     = -0.000673
  n_total=136009  n_sig=77430  n_gt1=58579
Epoch 34
  train_model_bits   = 0.612150
  val_model_bits     = 0.603130
  val_cabac_bits     = 0.604803
  val_delta_bits     = -0.001673
  sig_model_bits     = 0.525375
  sig_cabac_bits     = 0.527624
  sig_delta_bits     = -0.002250
  gt1_model_bits     = 0.705907
  gt1_cabac_bits     = 0.706818
  gt1_delta_bits     = -0.000910
  n_total=136009  n_sig=77430  n_gt1=58579
Epoch 35
  train_model_bits   = 0.612198
  val_model_bits     = 0.602328
  val_cabac_bits     = 0.604803
  val_delta_bits     = -0.002475
  sig_model_bits     = 0.524357
  sig_cabac_bits     = 0.527624
  sig_delta_bits     = -0.003267
  gt1_model_bits     = 0.705390
  gt1_cabac_bits     = 0.706818
  gt1_delta_bits     = -0.001428
  n_total=136009  n_sig=77430  n_gt1=58579
Epoch 36
  train_model_bits   = 0.611573
  val_model_bits     = 0.603006
  val_cabac_bits     = 0.604803
  val_delta_bits     = -0.001797
  sig_model_bits     = 0.525227
  sig_cabac_bits     = 0.527624
  sig_delta_bits     = -0.002398
  gt1_model_bits     = 0.705815
  gt1_cabac_bits     = 0.706818
  gt1_delta_bits     = -0.001003
  n_total=136009  n_sig=77430  n_gt1=58579
Epoch 37
  train_model_bits   = 0.611362
  val_model_bits     = 0.602485
  val_cabac_bits     = 0.604803
  val_delta_bits     = -0.002318
  sig_model_bits     = 0.524301
  sig_cabac_bits     = 0.527624
  sig_delta_bits     = -0.003324
  gt1_model_bits     = 0.705829
  gt1_cabac_bits     = 0.706818
  gt1_delta_bits     = -0.000988
  n_total=136009  n_sig=77430  n_gt1=58579
Epoch 38
  train_model_bits   = 0.610899
  val_model_bits     = 0.602400
  val_cabac_bits     = 0.604803
  val_delta_bits     = -0.002403
  sig_model_bits     = 0.524186
  sig_cabac_bits     = 0.527624
  sig_delta_bits     = -0.003439
  gt1_model_bits     = 0.705785
  gt1_cabac_bits     = 0.706818
  gt1_delta_bits     = -0.001033
  n_total=136009  n_sig=77430  n_gt1=58579
Epoch 39
  train_model_bits   = 0.610842
  val_model_bits     = 0.602262
  val_cabac_bits     = 0.604803
  val_delta_bits     = -0.002541
  sig_model_bits     = 0.524401
  sig_cabac_bits     = 0.527624
  sig_delta_bits     = -0.003224
  gt1_model_bits     = 0.705179
  gt1_cabac_bits     = 0.706818
  gt1_delta_bits     = -0.001639
  n_total=136009  n_sig=77430  n_gt1=58579
Epoch 40
  train_model_bits   = 0.610532
  val_model_bits     = 0.602337
  val_cabac_bits     = 0.604803
  val_delta_bits     = -0.002465
  sig_model_bits     = 0.524414
  sig_cabac_bits     = 0.527624
  sig_delta_bits     = -0.003210
  gt1_model_bits     = 0.705337
  gt1_cabac_bits     = 0.706818
  gt1_delta_bits     = -0.001481
  n_total=136009  n_sig=77430  n_gt1=58579
Epoch 41
  train_model_bits   = 0.610285
  val_model_bits     = 0.601959
  val_cabac_bits     = 0.604803
  val_delta_bits     = -0.002844
  sig_model_bits     = 0.523977
  sig_cabac_bits     = 0.527624
  sig_delta_bits     = -0.003648
  gt1_model_bits     = 0.705035
  gt1_cabac_bits     = 0.706818
  gt1_delta_bits     = -0.001783
  n_total=136009  n_sig=77430  n_gt1=58579
Epoch 42
  train_model_bits   = 0.610004
  val_model_bits     = 0.601682
  val_cabac_bits     = 0.604803
  val_delta_bits     = -0.003121
  sig_model_bits     = 0.523601
  sig_cabac_bits     = 0.527624
  sig_delta_bits     = -0.004023
  gt1_model_bits     = 0.704890
  gt1_cabac_bits     = 0.706818
  gt1_delta_bits     = -0.001928
  n_total=136009  n_sig=77430  n_gt1=58579
Epoch 43
  train_model_bits   = 0.609816
  val_model_bits     = 0.601843
  val_cabac_bits     = 0.604803
  val_delta_bits     = -0.002959
  sig_model_bits     = 0.523612
  sig_cabac_bits     = 0.527624
  sig_delta_bits     = -0.004013
  gt1_model_bits     = 0.705250
  gt1_cabac_bits     = 0.706818
  gt1_delta_bits     = -0.001567
  n_total=136009  n_sig=77430  n_gt1=58579
Epoch 44
  train_model_bits   = 0.609593
  val_model_bits     = 0.602255
  val_cabac_bits     = 0.604803
  val_delta_bits     = -0.002548
  sig_model_bits     = 0.523798
  sig_cabac_bits     = 0.527624
  sig_delta_bits     = -0.003826
  gt1_model_bits     = 0.705960
  gt1_cabac_bits     = 0.706818
  gt1_delta_bits     = -0.000858
  n_total=136009  n_sig=77430  n_gt1=58579
Epoch 45
  train_model_bits   = 0.609586
  val_model_bits     = 0.601715
  val_cabac_bits     = 0.604803
  val_delta_bits     = -0.003087
  sig_model_bits     = 0.523712
  sig_cabac_bits     = 0.527624
  sig_delta_bits     = -0.003912
  gt1_model_bits     = 0.704820
  gt1_cabac_bits     = 0.706818
  gt1_delta_bits     = -0.001998
  n_total=136009  n_sig=77430  n_gt1=58579
Epoch 46
  train_model_bits   = 0.609379
  val_model_bits     = 0.601686
  val_cabac_bits     = 0.604803
  val_delta_bits     = -0.003117
  sig_model_bits     = 0.523649
  sig_cabac_bits     = 0.527624
  sig_delta_bits     = -0.003976
  gt1_model_bits     = 0.704835
  gt1_cabac_bits     = 0.706818
  gt1_delta_bits     = -0.001983
  n_total=136009  n_sig=77430  n_gt1=58579
Epoch 47
  train_model_bits   = 0.609222
  val_model_bits     = 0.601564
  val_cabac_bits     = 0.604803
  val_delta_bits     = -0.003238
  sig_model_bits     = 0.523469
  sig_cabac_bits     = 0.527624
  sig_delta_bits     = -0.004155
  gt1_model_bits     = 0.704791
  gt1_cabac_bits     = 0.706818
  gt1_delta_bits     = -0.002026
  n_total=136009  n_sig=77430  n_gt1=58579
Epoch 48
  train_model_bits   = 0.608966
  val_model_bits     = 0.601742
  val_cabac_bits     = 0.604803
  val_delta_bits     = -0.003061
  sig_model_bits     = 0.523724
  sig_cabac_bits     = 0.527624
  sig_delta_bits     = -0.003901
  gt1_model_bits     = 0.704868
  gt1_cabac_bits     = 0.706818
  gt1_delta_bits     = -0.001950
  n_total=136009  n_sig=77430  n_gt1=58579
Epoch 49
  train_model_bits   = 0.608848
  val_model_bits     = 0.601606
  val_cabac_bits     = 0.604803
  val_delta_bits     = -0.003197
  sig_model_bits     = 0.523488
  sig_cabac_bits     = 0.527624
  sig_delta_bits     = -0.004136
  gt1_model_bits     = 0.704862
  gt1_cabac_bits     = 0.706818
  gt1_delta_bits     = -0.001956
  n_total=136009  n_sig=77430  n_gt1=58579
Epoch 50
  train_model_bits   = 0.609140
  val_model_bits     = 0.602001
  val_cabac_bits     = 0.604803
  val_delta_bits     = -0.002802
  sig_model_bits     = 0.523599
  sig_cabac_bits     = 0.527624
  sig_delta_bits     = -0.004026
  gt1_model_bits     = 0.705633
  gt1_cabac_bits     = 0.706818
  gt1_delta_bits     = -0.001185
  n_total=136009  n_sig=77430  n_gt1=58579
Epoch 51
  train_model_bits   = 0.608824
  val_model_bits     = 0.601371
  val_cabac_bits     = 0.604803
  val_delta_bits     = -0.003432
  sig_model_bits     = 0.523289
  sig_cabac_bits     = 0.527624
  sig_delta_bits     = -0.004335
  gt1_model_bits     = 0.704579
  gt1_cabac_bits     = 0.706818
  gt1_delta_bits     = -0.002238
  n_total=136009  n_sig=77430  n_gt1=58579
Epoch 52
  train_model_bits   = 0.608089
  val_model_bits     = 0.601522
  val_cabac_bits     = 0.604803
  val_delta_bits     = -0.003281
  sig_model_bits     = 0.523315
  sig_cabac_bits     = 0.527624
  sig_delta_bits     = -0.004310
  gt1_model_bits     = 0.704897
  gt1_cabac_bits     = 0.706818
  gt1_delta_bits     = -0.001920
  n_total=136009  n_sig=77430  n_gt1=58579
Epoch 53
  train_model_bits   = 0.607993
  val_model_bits     = 0.601424
  val_cabac_bits     = 0.604803
  val_delta_bits     = -0.003379
  sig_model_bits     = 0.523342
  sig_cabac_bits     = 0.527624
  sig_delta_bits     = -0.004283
  gt1_model_bits     = 0.704634
  gt1_cabac_bits     = 0.706818
  gt1_delta_bits     = -0.002184
  n_total=136009  n_sig=77430  n_gt1=58579
Epoch 54
  train_model_bits   = 0.607874
  val_model_bits     = 0.601356
  val_cabac_bits     = 0.604803
  val_delta_bits     = -0.003446
  sig_model_bits     = 0.523031
  sig_cabac_bits     = 0.527624
  sig_delta_bits     = -0.004594
  gt1_model_bits     = 0.704888
  gt1_cabac_bits     = 0.706818
  gt1_delta_bits     = -0.001930
  n_total=136009  n_sig=77430  n_gt1=58579
Epoch 55
  train_model_bits   = 0.607920
  val_model_bits     = 0.601353
  val_cabac_bits     = 0.604803
  val_delta_bits     = -0.003450
  sig_model_bits     = 0.523287
  sig_cabac_bits     = 0.527624
  sig_delta_bits     = -0.004338
  gt1_model_bits     = 0.704541
  gt1_cabac_bits     = 0.706818
  gt1_delta_bits     = -0.002277
  n_total=136009  n_sig=77430  n_gt1=58579
Epoch 56
  train_model_bits   = 0.607457
  val_model_bits     = 0.600996
  val_cabac_bits     = 0.604803
  val_delta_bits     = -0.003807
  sig_model_bits     = 0.522677
  sig_cabac_bits     = 0.527624
  sig_delta_bits     = -0.004947
  gt1_model_bits     = 0.704518
  gt1_cabac_bits     = 0.706818
  gt1_delta_bits     = -0.002299
  n_total=136009  n_sig=77430  n_gt1=58579
Epoch 57
  train_model_bits   = 0.607426
  val_model_bits     = 0.601408
  val_cabac_bits     = 0.604803
  val_delta_bits     = -0.003395
  sig_model_bits     = 0.523273
  sig_cabac_bits     = 0.527624
  sig_delta_bits     = -0.004352
  gt1_model_bits     = 0.704687
  gt1_cabac_bits     = 0.706818
  gt1_delta_bits     = -0.002130
  n_total=136009  n_sig=77430  n_gt1=58579
Epoch 58
  train_model_bits   = 0.607470
  val_model_bits     = 0.602262
  val_cabac_bits     = 0.604803
  val_delta_bits     = -0.002541
  sig_model_bits     = 0.524054
  sig_cabac_bits     = 0.527624
  sig_delta_bits     = -0.003571
  gt1_model_bits     = 0.705638
  gt1_cabac_bits     = 0.706818
  gt1_delta_bits     = -0.001180
  n_total=136009  n_sig=77430  n_gt1=58579
Epoch 59
  train_model_bits   = 0.607431
  val_model_bits     = 0.601928
  val_cabac_bits     = 0.604803
  val_delta_bits     = -0.002875
  sig_model_bits     = 0.523832
  sig_cabac_bits     = 0.527624
  sig_delta_bits     = -0.003792
  gt1_model_bits     = 0.705156
  gt1_cabac_bits     = 0.706818
  gt1_delta_bits     = -0.001662
  n_total=136009  n_sig=77430  n_gt1=58579
Epoch 60
  train_model_bits   = 0.607269
  val_model_bits     = 0.601539
  val_cabac_bits     = 0.604803
  val_delta_bits     = -0.003264
  sig_model_bits     = 0.523395
  sig_cabac_bits     = 0.527624
  sig_delta_bits     = -0.004229
  gt1_model_bits     = 0.704828
  gt1_cabac_bits     = 0.706818
  gt1_delta_bits     = -0.001989
  n_total=136009  n_sig=77430  n_gt1=58579
Epoch 61
  train_model_bits   = 0.606806
  val_model_bits     = 0.601453
  val_cabac_bits     = 0.604803
  val_delta_bits     = -0.003350
  sig_model_bits     = 0.522868
  sig_cabac_bits     = 0.527624
  sig_delta_bits     = -0.004757
  gt1_model_bits     = 0.705327
  gt1_cabac_bits     = 0.706818
  gt1_delta_bits     = -0.001491
  n_total=136009  n_sig=77430  n_gt1=58579
Epoch 62
  train_model_bits   = 0.606717
  val_model_bits     = 0.601625
  val_cabac_bits     = 0.604803
  val_delta_bits     = -0.003178
  sig_model_bits     = 0.523694
  sig_cabac_bits     = 0.527624
  sig_delta_bits     = -0.003930
  gt1_model_bits     = 0.704634
  gt1_cabac_bits     = 0.706818
  gt1_delta_bits     = -0.002184
  n_total=136009  n_sig=77430  n_gt1=58579
Epoch 63
  train_model_bits   = 0.606639
  val_model_bits     = 0.601661
  val_cabac_bits     = 0.604803
  val_delta_bits     = -0.003142
  sig_model_bits     = 0.523235
  sig_cabac_bits     = 0.527624
  sig_delta_bits     = -0.004389
  gt1_model_bits     = 0.705325
  gt1_cabac_bits     = 0.706818
  gt1_delta_bits     = -0.001493
  n_total=136009  n_sig=77430  n_gt1=58579
Epoch 64
  train_model_bits   = 0.606795
  val_model_bits     = 0.602110
  val_cabac_bits     = 0.604803
  val_delta_bits     = -0.002693
  sig_model_bits     = 0.524090
  sig_cabac_bits     = 0.527624
  sig_delta_bits     = -0.003534
  gt1_model_bits     = 0.705238
  gt1_cabac_bits     = 0.706818
  gt1_delta_bits     = -0.001580
  n_total=136009  n_sig=77430  n_gt1=58579
Epoch 65
  train_model_bits   = 0.606457
  val_model_bits     = 0.601558
  val_cabac_bits     = 0.604803
  val_delta_bits     = -0.003245
  sig_model_bits     = 0.523575
  sig_cabac_bits     = 0.527624
  sig_delta_bits     = -0.004049
  gt1_model_bits     = 0.704636
  gt1_cabac_bits     = 0.706818
  gt1_delta_bits     = -0.002182
  n_total=136009  n_sig=77430  n_gt1=58579
Epoch 66
  train_model_bits   = 0.606376
  val_model_bits     = 0.601385
  val_cabac_bits     = 0.604803
  val_delta_bits     = -0.003418
  sig_model_bits     = 0.523019
  sig_cabac_bits     = 0.527624
  sig_delta_bits     = -0.004605
  gt1_model_bits     = 0.704970
  gt1_cabac_bits     = 0.706818
  gt1_delta_bits     = -0.001848
  n_total=136009  n_sig=77430  n_gt1=58579
Epoch 67
  train_model_bits   = 0.606368
  val_model_bits     = 0.601664
  val_cabac_bits     = 0.604803
  val_delta_bits     = -0.003138
  sig_model_bits     = 0.523469
  sig_cabac_bits     = 0.527624
  sig_delta_bits     = -0.004155
  gt1_model_bits     = 0.705023
  gt1_cabac_bits     = 0.706818
  gt1_delta_bits     = -0.001795
  n_total=136009  n_sig=77430  n_gt1=58579
Epoch 68
  train_model_bits   = 0.606025
  val_model_bits     = 0.601343
  val_cabac_bits     = 0.604803
  val_delta_bits     = -0.003459
  sig_model_bits     = 0.523053
  sig_cabac_bits     = 0.527624
  sig_delta_bits     = -0.004571
  gt1_model_bits     = 0.704828
  gt1_cabac_bits     = 0.706818
  gt1_delta_bits     = -0.001990
  n_total=136009  n_sig=77430  n_gt1=58579
Epoch 69
  train_model_bits   = 0.606186
  val_model_bits     = 0.602000
  val_cabac_bits     = 0.604803
  val_delta_bits     = -0.002803
  sig_model_bits     = 0.523385
  sig_cabac_bits     = 0.527624
  sig_delta_bits     = -0.004239
  gt1_model_bits     = 0.705914
  gt1_cabac_bits     = 0.706818
  gt1_delta_bits     = -0.000904
  n_total=136009  n_sig=77430  n_gt1=58579
Epoch 70
  train_model_bits   = 0.606071
  val_model_bits     = 0.601486
  val_cabac_bits     = 0.604803
  val_delta_bits     = -0.003317
  sig_model_bits     = 0.523260
  sig_cabac_bits     = 0.527624
  sig_delta_bits     = -0.004365
  gt1_model_bits     = 0.704885
  gt1_cabac_bits     = 0.706818
  gt1_delta_bits     = -0.001933
  n_total=136009  n_sig=77430  n_gt1=58579
Epoch 71
  train_model_bits   = 0.605859
  val_model_bits     = 0.601883
  val_cabac_bits     = 0.604803
  val_delta_bits     = -0.002920
  sig_model_bits     = 0.523566
  sig_cabac_bits     = 0.527624
  sig_delta_bits     = -0.004058
  gt1_model_bits     = 0.705402
  gt1_cabac_bits     = 0.706818
  gt1_delta_bits     = -0.001416
  n_total=136009  n_sig=77430  n_gt1=58579
Epoch 72
  train_model_bits   = 0.605647
  val_model_bits     = 0.601477
  val_cabac_bits     = 0.604803
  val_delta_bits     = -0.003326
  sig_model_bits     = 0.523038
  sig_cabac_bits     = 0.527624
  sig_delta_bits     = -0.004587
  gt1_model_bits     = 0.705159
  gt1_cabac_bits     = 0.706818
  gt1_delta_bits     = -0.001659
  n_total=136009  n_sig=77430  n_gt1=58579
Epoch 73
  train_model_bits   = 0.605454
  val_model_bits     = 0.601940
  val_cabac_bits     = 0.604803
  val_delta_bits     = -0.002862
  sig_model_bits     = 0.523840
  sig_cabac_bits     = 0.527624
  sig_delta_bits     = -0.003785
  gt1_model_bits     = 0.705175
  gt1_cabac_bits     = 0.706818
  gt1_delta_bits     = -0.001643
  n_total=136009  n_sig=77430  n_gt1=58579
Epoch 74
  train_model_bits   = 0.605479
  val_model_bits     = 0.602028
  val_cabac_bits     = 0.604803
  val_delta_bits     = -0.002775
  sig_model_bits     = 0.523926
  sig_cabac_bits     = 0.527624
  sig_delta_bits     = -0.003698
  gt1_model_bits     = 0.705263
  gt1_cabac_bits     = 0.706818
  gt1_delta_bits     = -0.001555
  n_total=136009  n_sig=77430  n_gt1=58579
Epoch 75
  train_model_bits   = 0.605201
  val_model_bits     = 0.601924
  val_cabac_bits     = 0.604803
  val_delta_bits     = -0.002878
  sig_model_bits     = 0.523585
  sig_cabac_bits     = 0.527624
  sig_delta_bits     = -0.004040
  gt1_model_bits     = 0.705474
  gt1_cabac_bits     = 0.706818
  gt1_delta_bits     = -0.001344
  n_total=136009  n_sig=77430  n_gt1=58579
Epoch 76
  train_model_bits   = 0.605548
  val_model_bits     = 0.601695
  val_cabac_bits     = 0.604803
  val_delta_bits     = -0.003108
  sig_model_bits     = 0.523163
  sig_cabac_bits     = 0.527624
  sig_delta_bits     = -0.004461
  gt1_model_bits     = 0.705499
  gt1_cabac_bits     = 0.706818
  gt1_delta_bits     = -0.001319
  n_total=136009  n_sig=77430  n_gt1=58579
Epoch 77
  train_model_bits   = 0.605185
  val_model_bits     = 0.601948
  val_cabac_bits     = 0.604803
  val_delta_bits     = -0.002855
  sig_model_bits     = 0.523428
  sig_cabac_bits     = 0.527624
  sig_delta_bits     = -0.004196
  gt1_model_bits     = 0.705735
  gt1_cabac_bits     = 0.706818
  gt1_delta_bits     = -0.001082
  n_total=136009  n_sig=77430  n_gt1=58579
Epoch 78
  train_model_bits   = 0.605382
  val_model_bits     = 0.602410
  val_cabac_bits     = 0.604803
  val_delta_bits     = -0.002393
  sig_model_bits     = 0.523710
  sig_cabac_bits     = 0.527624
  sig_delta_bits     = -0.003915
  gt1_model_bits     = 0.706435
  gt1_cabac_bits     = 0.706818
  gt1_delta_bits     = -0.000383
  n_total=136009  n_sig=77430  n_gt1=58579
Epoch 79
  train_model_bits   = 0.604740
  val_model_bits     = 0.602198
  val_cabac_bits     = 0.604803
  val_delta_bits     = -0.002605
  sig_model_bits     = 0.523867
  sig_cabac_bits     = 0.527624
  sig_delta_bits     = -0.003757
  gt1_model_bits     = 0.705737
  gt1_cabac_bits     = 0.706818
  gt1_delta_bits     = -0.001081
  n_total=136009  n_sig=77430  n_gt1=58579
Epoch 80
  train_model_bits   = 0.604694
  val_model_bits     = 0.601713
  val_cabac_bits     = 0.604803
  val_delta_bits     = -0.003090
  sig_model_bits     = 0.523344
  sig_cabac_bits     = 0.527624
  sig_delta_bits     = -0.004280
  gt1_model_bits     = 0.705301
  gt1_cabac_bits     = 0.706818
  gt1_delta_bits     = -0.001516
  n_total=136009  n_sig=77430  n_gt1=58579
Epoch 81
  train_model_bits   = 0.604710
  val_model_bits     = 0.602807
  val_cabac_bits     = 0.604803
  val_delta_bits     = -0.001995
  sig_model_bits     = 0.524944
  sig_cabac_bits     = 0.527624
  sig_delta_bits     = -0.002680
  gt1_model_bits     = 0.705727
  gt1_cabac_bits     = 0.706818
  gt1_delta_bits     = -0.001090
  n_total=136009  n_sig=77430  n_gt1=58579
Epoch 82
  train_model_bits   = 0.604986
  val_model_bits     = 0.602373
  val_cabac_bits     = 0.604803
  val_delta_bits     = -0.002430
  sig_model_bits     = 0.524515
  sig_cabac_bits     = 0.527624
  sig_delta_bits     = -0.003109
  gt1_model_bits     = 0.705285
  gt1_cabac_bits     = 0.706818
  gt1_delta_bits     = -0.001533
  n_total=136009  n_sig=77430  n_gt1=58579
Epoch 83
  train_model_bits   = 0.604599
  val_model_bits     = 0.602039
  val_cabac_bits     = 0.604803
  val_delta_bits     = -0.002764
  sig_model_bits     = 0.523644
  sig_cabac_bits     = 0.527624
  sig_delta_bits     = -0.003980
  gt1_model_bits     = 0.705662
  gt1_cabac_bits     = 0.706818
  gt1_delta_bits     = -0.001156
  n_total=136009  n_sig=77430  n_gt1=58579
Epoch 84
  train_model_bits   = 0.604307
  val_model_bits     = 0.601953
  val_cabac_bits     = 0.604803
  val_delta_bits     = -0.002850
  sig_model_bits     = 0.523819
  sig_cabac_bits     = 0.527624
  sig_delta_bits     = -0.003805
  gt1_model_bits     = 0.705231
  gt1_cabac_bits     = 0.706818
  gt1_delta_bits     = -0.001587
  n_total=136009  n_sig=77430  n_gt1=58579
Epoch 85
  train_model_bits   = 0.604267
  val_model_bits     = 0.601841
  val_cabac_bits     = 0.604803
  val_delta_bits     = -0.002962
  sig_model_bits     = 0.523675
  sig_cabac_bits     = 0.527624
  sig_delta_bits     = -0.003950
  gt1_model_bits     = 0.705161
  gt1_cabac_bits     = 0.706818
  gt1_delta_bits     = -0.001656
  n_total=136009  n_sig=77430  n_gt1=58579
Epoch 86
  train_model_bits   = 0.603972
  val_model_bits     = 0.602006
  val_cabac_bits     = 0.604803
  val_delta_bits     = -0.002797
  sig_model_bits     = 0.523703
  sig_cabac_bits     = 0.527624
  sig_delta_bits     = -0.003921
  gt1_model_bits     = 0.705506
  gt1_cabac_bits     = 0.706818
  gt1_delta_bits     = -0.001312
  n_total=136009  n_sig=77430  n_gt1=58579
Epoch 87
  train_model_bits   = 0.603938
  val_model_bits     = 0.603163
  val_cabac_bits     = 0.604803
  val_delta_bits     = -0.001640
  sig_model_bits     = 0.525574
  sig_cabac_bits     = 0.527624
  sig_delta_bits     = -0.002051
  gt1_model_bits     = 0.705720
  gt1_cabac_bits     = 0.706818
  gt1_delta_bits     = -0.001098
  n_total=136009  n_sig=77430  n_gt1=58579
Epoch 88
  train_model_bits   = 0.603934
  val_model_bits     = 0.602261
  val_cabac_bits     = 0.604803
  val_delta_bits     = -0.002542
  sig_model_bits     = 0.523962
  sig_cabac_bits     = 0.527624
  sig_delta_bits     = -0.003663
  gt1_model_bits     = 0.705757
  gt1_cabac_bits     = 0.706818
  gt1_delta_bits     = -0.001061
  n_total=136009  n_sig=77430  n_gt1=58579
Epoch 89
  train_model_bits   = 0.603841
  val_model_bits     = 0.602210
  val_cabac_bits     = 0.604803
  val_delta_bits     = -0.002593
  sig_model_bits     = 0.523960
  sig_cabac_bits     = 0.527624
  sig_delta_bits     = -0.003665
  gt1_model_bits     = 0.705641
  gt1_cabac_bits     = 0.706818
  gt1_delta_bits     = -0.001176
  n_total=136009  n_sig=77430  n_gt1=58579
Epoch 90
  train_model_bits   = 0.603855
  val_model_bits     = 0.602023
  val_cabac_bits     = 0.604803
  val_delta_bits     = -0.002779
  sig_model_bits     = 0.523679
  sig_cabac_bits     = 0.527624
  sig_delta_bits     = -0.003946
  gt1_model_bits     = 0.705580
  gt1_cabac_bits     = 0.706818
  gt1_delta_bits     = -0.001238
  n_total=136009  n_sig=77430  n_gt1=58579
Epoch 91
  train_model_bits   = 0.603575
  val_model_bits     = 0.602011
  val_cabac_bits     = 0.604803
  val_delta_bits     = -0.002792
  sig_model_bits     = 0.523615
  sig_cabac_bits     = 0.527624
  sig_delta_bits     = -0.004010
  gt1_model_bits     = 0.705635
  gt1_cabac_bits     = 0.706818
  gt1_delta_bits     = -0.001182
  n_total=136009  n_sig=77430  n_gt1=58579
Epoch 92
  train_model_bits   = 0.603505
  val_model_bits     = 0.602746
  val_cabac_bits     = 0.604803
  val_delta_bits     = -0.002057
  sig_model_bits     = 0.524358
  sig_cabac_bits     = 0.527624
  sig_delta_bits     = -0.003266
  gt1_model_bits     = 0.706360
  gt1_cabac_bits     = 0.706818
  gt1_delta_bits     = -0.000458
  n_total=136009  n_sig=77430  n_gt1=58579
Epoch 93
  train_model_bits   = 0.603491
  val_model_bits     = 0.602769
  val_cabac_bits     = 0.604803
  val_delta_bits     = -0.002033
  sig_model_bits     = 0.524219
  sig_cabac_bits     = 0.527624
  sig_delta_bits     = -0.003406
  gt1_model_bits     = 0.706598
  gt1_cabac_bits     = 0.706818
  gt1_delta_bits     = -0.000220
  n_total=136009  n_sig=77430  n_gt1=58579
Epoch 94
  train_model_bits   = 0.603318
  val_model_bits     = 0.601995
  val_cabac_bits     = 0.604803
  val_delta_bits     = -0.002808
  sig_model_bits     = 0.523770
  sig_cabac_bits     = 0.527624
  sig_delta_bits     = -0.003855
  gt1_model_bits     = 0.705394
  gt1_cabac_bits     = 0.706818
  gt1_delta_bits     = -0.001424
  n_total=136009  n_sig=77430  n_gt1=58579
Epoch 95
  train_model_bits   = 0.603231
  val_model_bits     = 0.602492
  val_cabac_bits     = 0.604803
  val_delta_bits     = -0.002311
  sig_model_bits     = 0.524011
  sig_cabac_bits     = 0.527624
  sig_delta_bits     = -0.003613
  gt1_model_bits     = 0.706228
  gt1_cabac_bits     = 0.706818
  gt1_delta_bits     = -0.000589
  n_total=136009  n_sig=77430  n_gt1=58579
Epoch 96
  train_model_bits   = 0.603023
  val_model_bits     = 0.602342
  val_cabac_bits     = 0.604803
  val_delta_bits     = -0.002460
  sig_model_bits     = 0.524083
  sig_cabac_bits     = 0.527624
  sig_delta_bits     = -0.003542
  gt1_model_bits     = 0.705786
  gt1_cabac_bits     = 0.706818
  gt1_delta_bits     = -0.001031
  n_total=136009  n_sig=77430  n_gt1=58579
Epoch 97
  train_model_bits   = 0.603023
  val_model_bits     = 0.602372
  val_cabac_bits     = 0.604803
  val_delta_bits     = -0.002431
  sig_model_bits     = 0.524208
  sig_cabac_bits     = 0.527624
  sig_delta_bits     = -0.003417
  gt1_model_bits     = 0.705689
  gt1_cabac_bits     = 0.706818
  gt1_delta_bits     = -0.001128
  n_total=136009  n_sig=77430  n_gt1=58579
Epoch 98
  train_model_bits   = 0.603014
  val_model_bits     = 0.603050
  val_cabac_bits     = 0.604803
  val_delta_bits     = -0.001753
  sig_model_bits     = 0.524864
  sig_cabac_bits     = 0.527624
  sig_delta_bits     = -0.002761
  gt1_model_bits     = 0.706396
  gt1_cabac_bits     = 0.706818
  gt1_delta_bits     = -0.000421
  n_total=136009  n_sig=77430  n_gt1=58579
Epoch 99
  train_model_bits   = 0.602817
  val_model_bits     = 0.603291
  val_cabac_bits     = 0.604803
  val_delta_bits     = -0.001511
  sig_model_bits     = 0.524966
  sig_cabac_bits     = 0.527624
  sig_delta_bits     = -0.002659
  gt1_model_bits     = 0.706823
  gt1_cabac_bits     = 0.706818
  gt1_delta_bits     = 0.000005
  n_total=136009  n_sig=77430  n_gt1=58579
Epoch 100
  train_model_bits   = 0.602922
  val_model_bits     = 0.603024
  val_cabac_bits     = 0.604803
  val_delta_bits     = -0.001779
  sig_model_bits     = 0.524006
  sig_cabac_bits     = 0.527624
  sig_delta_bits     = -0.003619
  gt1_model_bits     = 0.707471
  gt1_cabac_bits     = 0.706818
  gt1_delta_bits     = 0.000653
  n_total=136009  n_sig=77430  n_gt1=58579
saved model.
End time: Fri Mar  6 12:22:21 AM EST 2026
