/scratch/zr2245/anaconda3/envs/gs/bin/python
2.2.0+cu118
True
Running on host: gl036.hpc.nyu.edu
CUDA_VISIBLE_DEVICES=0
Using python: /scratch/zr2245/anaconda3/envs/gs/bin/python
Start time: Sat Mar  7 10:47:21 PM EST 2026
Loading dataset from: /scratch/zr2245/VVCSoftware_VTM-master/exp/bbc1/stats/cabac_sig_gt1_v2_dense_float32.npy
Device: cuda
Train size: 1224072, Val size: 136009
Epoch 01 | time=6.19s
  train_model_bits   = 0.889956
  val_model_bits     = 0.746724
  val_cabac_bits     = 0.604803
  val_delta_bits     = 0.141921
  sig_model_bits     = 0.682885
  sig_cabac_bits     = 0.527624
  sig_delta_bits     = 0.155261
  gt1_model_bits     = 0.831106
  gt1_cabac_bits     = 0.706818
  gt1_delta_bits     = 0.124288
  n_total=136009  n_sig=77430  n_gt1=58579
  best_delta_bits    = 0.141921
Epoch 02 | time=4.81s
  train_model_bits   = 0.697431
  val_model_bits     = 0.657617
  val_cabac_bits     = 0.604803
  val_delta_bits     = 0.052814
  sig_model_bits     = 0.592488
  sig_cabac_bits     = 0.527624
  sig_delta_bits     = 0.064863
  gt1_model_bits     = 0.743704
  gt1_cabac_bits     = 0.706818
  gt1_delta_bits     = 0.036887
  n_total=136009  n_sig=77430  n_gt1=58579
  best_delta_bits    = 0.052814
Epoch 03 | time=4.17s
  train_model_bits   = 0.658524
  val_model_bits     = 0.638538
  val_cabac_bits     = 0.604803
  val_delta_bits     = 0.033735
  sig_model_bits     = 0.569622
  sig_cabac_bits     = 0.527624
  sig_delta_bits     = 0.041998
  gt1_model_bits     = 0.729630
  gt1_cabac_bits     = 0.706818
  gt1_delta_bits     = 0.022813
  n_total=136009  n_sig=77430  n_gt1=58579
  best_delta_bits    = 0.033735
Epoch 04 | time=4.79s
  train_model_bits   = 0.644197
  val_model_bits     = 0.627766
  val_cabac_bits     = 0.604803
  val_delta_bits     = 0.022963
  sig_model_bits     = 0.553772
  sig_cabac_bits     = 0.527624
  sig_delta_bits     = 0.026148
  gt1_model_bits     = 0.725571
  gt1_cabac_bits     = 0.706818
  gt1_delta_bits     = 0.018753
  n_total=136009  n_sig=77430  n_gt1=58579
  best_delta_bits    = 0.022963
Epoch 05 | time=4.56s
  train_model_bits   = 0.636738
  val_model_bits     = 0.622480
  val_cabac_bits     = 0.604803
  val_delta_bits     = 0.017677
  sig_model_bits     = 0.546690
  sig_cabac_bits     = 0.527624
  sig_delta_bits     = 0.019065
  gt1_model_bits     = 0.722660
  gt1_cabac_bits     = 0.706818
  gt1_delta_bits     = 0.015842
  n_total=136009  n_sig=77430  n_gt1=58579
  best_delta_bits    = 0.017677
Epoch 06 | time=4.13s
  train_model_bits   = 0.632857
  val_model_bits     = 0.619158
  val_cabac_bits     = 0.604803
  val_delta_bits     = 0.014355
  sig_model_bits     = 0.542645
  sig_cabac_bits     = 0.527624
  sig_delta_bits     = 0.015021
  gt1_model_bits     = 0.720293
  gt1_cabac_bits     = 0.706818
  gt1_delta_bits     = 0.013475
  n_total=136009  n_sig=77430  n_gt1=58579
  best_delta_bits    = 0.014355
Epoch 07 | time=4.48s
  train_model_bits   = 0.630195
  val_model_bits     = 0.617186
  val_cabac_bits     = 0.604803
  val_delta_bits     = 0.012383
  sig_model_bits     = 0.540341
  sig_cabac_bits     = 0.527624
  sig_delta_bits     = 0.012717
  gt1_model_bits     = 0.718760
  gt1_cabac_bits     = 0.706818
  gt1_delta_bits     = 0.011942
  n_total=136009  n_sig=77430  n_gt1=58579
  best_delta_bits    = 0.012383
Epoch 08 | time=4.13s
  train_model_bits   = 0.628196
  val_model_bits     = 0.615553
  val_cabac_bits     = 0.604803
  val_delta_bits     = 0.010750
  sig_model_bits     = 0.538433
  sig_cabac_bits     = 0.527624
  sig_delta_bits     = 0.010809
  gt1_model_bits     = 0.717490
  gt1_cabac_bits     = 0.706818
  gt1_delta_bits     = 0.010673
  n_total=136009  n_sig=77430  n_gt1=58579
  best_delta_bits    = 0.010750
Epoch 09 | time=4.74s
  train_model_bits   = 0.626656
  val_model_bits     = 0.614502
  val_cabac_bits     = 0.604803
  val_delta_bits     = 0.009700
  sig_model_bits     = 0.537386
  sig_cabac_bits     = 0.527624
  sig_delta_bits     = 0.009762
  gt1_model_bits     = 0.716435
  gt1_cabac_bits     = 0.706818
  gt1_delta_bits     = 0.009617
  n_total=136009  n_sig=77430  n_gt1=58579
  best_delta_bits    = 0.009700
Epoch 10 | time=5.19s
  train_model_bits   = 0.625346
  val_model_bits     = 0.613225
  val_cabac_bits     = 0.604803
  val_delta_bits     = 0.008422
  sig_model_bits     = 0.536084
  sig_cabac_bits     = 0.527624
  sig_delta_bits     = 0.008460
  gt1_model_bits     = 0.715190
  gt1_cabac_bits     = 0.706818
  gt1_delta_bits     = 0.008372
  n_total=136009  n_sig=77430  n_gt1=58579
  best_delta_bits    = 0.008422
Epoch 11 | time=4.20s
  train_model_bits   = 0.624022
  val_model_bits     = 0.611676
  val_cabac_bits     = 0.604803
  val_delta_bits     = 0.006873
  sig_model_bits     = 0.534249
  sig_cabac_bits     = 0.527624
  sig_delta_bits     = 0.006625
  gt1_model_bits     = 0.714019
  gt1_cabac_bits     = 0.706818
  gt1_delta_bits     = 0.007202
  n_total=136009  n_sig=77430  n_gt1=58579
  best_delta_bits    = 0.006873
Epoch 12 | time=4.76s
  train_model_bits   = 0.622726
  val_model_bits     = 0.610748
  val_cabac_bits     = 0.604803
  val_delta_bits     = 0.005945
  sig_model_bits     = 0.533043
  sig_cabac_bits     = 0.527624
  sig_delta_bits     = 0.005419
  gt1_model_bits     = 0.713459
  gt1_cabac_bits     = 0.706818
  gt1_delta_bits     = 0.006641
  n_total=136009  n_sig=77430  n_gt1=58579
  best_delta_bits    = 0.005945
Epoch 13 | time=4.55s
  train_model_bits   = 0.621402
  val_model_bits     = 0.609530
  val_cabac_bits     = 0.604803
  val_delta_bits     = 0.004727
  sig_model_bits     = 0.531925
  sig_cabac_bits     = 0.527624
  sig_delta_bits     = 0.004301
  gt1_model_bits     = 0.712107
  gt1_cabac_bits     = 0.706818
  gt1_delta_bits     = 0.005290
  n_total=136009  n_sig=77430  n_gt1=58579
  best_delta_bits    = 0.004727
Epoch 14 | time=4.17s
  train_model_bits   = 0.620315
  val_model_bits     = 0.608938
  val_cabac_bits     = 0.604803
  val_delta_bits     = 0.004135
  sig_model_bits     = 0.531281
  sig_cabac_bits     = 0.527624
  sig_delta_bits     = 0.003656
  gt1_model_bits     = 0.711586
  gt1_cabac_bits     = 0.706818
  gt1_delta_bits     = 0.004768
  n_total=136009  n_sig=77430  n_gt1=58579
  best_delta_bits    = 0.004135
Epoch 15 | time=4.86s
  train_model_bits   = 0.619427
  val_model_bits     = 0.607507
  val_cabac_bits     = 0.604803
  val_delta_bits     = 0.002704
  sig_model_bits     = 0.529882
  sig_cabac_bits     = 0.527624
  sig_delta_bits     = 0.002258
  gt1_model_bits     = 0.710113
  gt1_cabac_bits     = 0.706818
  gt1_delta_bits     = 0.003295
  n_total=136009  n_sig=77430  n_gt1=58579
  best_delta_bits    = 0.002704
Epoch 16 | time=4.11s
  train_model_bits   = 0.618430
  val_model_bits     = 0.606836
  val_cabac_bits     = 0.604803
  val_delta_bits     = 0.002033
  sig_model_bits     = 0.529162
  sig_cabac_bits     = 0.527624
  sig_delta_bits     = 0.001538
  gt1_model_bits     = 0.709506
  gt1_cabac_bits     = 0.706818
  gt1_delta_bits     = 0.002688
  n_total=136009  n_sig=77430  n_gt1=58579
  best_delta_bits    = 0.002033
Epoch 17 | time=4.07s
  train_model_bits   = 0.617647
  val_model_bits     = 0.605916
  val_cabac_bits     = 0.604803
  val_delta_bits     = 0.001113
  sig_model_bits     = 0.528044
  sig_cabac_bits     = 0.527624
  sig_delta_bits     = 0.000420
  gt1_model_bits     = 0.708848
  gt1_cabac_bits     = 0.706818
  gt1_delta_bits     = 0.002030
  n_total=136009  n_sig=77430  n_gt1=58579
  best_delta_bits    = 0.001113
Epoch 18 | time=4.48s
  train_model_bits   = 0.616706
  val_model_bits     = 0.605528
  val_cabac_bits     = 0.604803
  val_delta_bits     = 0.000725
  sig_model_bits     = 0.527594
  sig_cabac_bits     = 0.527624
  sig_delta_bits     = -0.000030
  gt1_model_bits     = 0.708542
  gt1_cabac_bits     = 0.706818
  gt1_delta_bits     = 0.001724
  n_total=136009  n_sig=77430  n_gt1=58579
  best_delta_bits    = 0.000725
Epoch 19 | time=4.07s
  train_model_bits   = 0.615882
  val_model_bits     = 0.604882
  val_cabac_bits     = 0.604803
  val_delta_bits     = 0.000080
  sig_model_bits     = 0.527026
  sig_cabac_bits     = 0.527624
  sig_delta_bits     = -0.000599
  gt1_model_bits     = 0.707794
  gt1_cabac_bits     = 0.706818
  gt1_delta_bits     = 0.000976
  n_total=136009  n_sig=77430  n_gt1=58579
  best_delta_bits    = 0.000080
Epoch 20 | time=4.08s
  train_model_bits   = 0.615233
  val_model_bits     = 0.604366
  val_cabac_bits     = 0.604803
  val_delta_bits     = -0.000437
  sig_model_bits     = 0.526301
  sig_cabac_bits     = 0.527624
  sig_delta_bits     = -0.001324
  gt1_model_bits     = 0.707553
  gt1_cabac_bits     = 0.706818
  gt1_delta_bits     = 0.000735
  n_total=136009  n_sig=77430  n_gt1=58579
  best_delta_bits    = -0.000437
Epoch 21 | time=4.08s
  train_model_bits   = 0.614714
  val_model_bits     = 0.603755
  val_cabac_bits     = 0.604803
  val_delta_bits     = -0.001047
  sig_model_bits     = 0.525688
  sig_cabac_bits     = 0.527624
  sig_delta_bits     = -0.001937
  gt1_model_bits     = 0.706946
  gt1_cabac_bits     = 0.706818
  gt1_delta_bits     = 0.000128
  n_total=136009  n_sig=77430  n_gt1=58579
  best_delta_bits    = -0.001047
Epoch 22 | time=4.74s
  train_model_bits   = 0.614355
  val_model_bits     = 0.603673
  val_cabac_bits     = 0.604803
  val_delta_bits     = -0.001130
  sig_model_bits     = 0.525652
  sig_cabac_bits     = 0.527624
  sig_delta_bits     = -0.001973
  gt1_model_bits     = 0.706801
  gt1_cabac_bits     = 0.706818
  gt1_delta_bits     = -0.000016
  n_total=136009  n_sig=77430  n_gt1=58579
  best_delta_bits    = -0.001130
Epoch 23 | time=4.76s
  train_model_bits   = 0.614083
  val_model_bits     = 0.603159
  val_cabac_bits     = 0.604803
  val_delta_bits     = -0.001643
  sig_model_bits     = 0.525107
  sig_cabac_bits     = 0.527624
  sig_delta_bits     = -0.002517
  gt1_model_bits     = 0.706329
  gt1_cabac_bits     = 0.706818
  gt1_delta_bits     = -0.000489
  n_total=136009  n_sig=77430  n_gt1=58579
  best_delta_bits    = -0.001643
Epoch 24 | time=4.05s
  train_model_bits   = 0.613334
  val_model_bits     = 0.602700
  val_cabac_bits     = 0.604803
  val_delta_bits     = -0.002103
  sig_model_bits     = 0.524400
  sig_cabac_bits     = 0.527624
  sig_delta_bits     = -0.003224
  gt1_model_bits     = 0.706197
  gt1_cabac_bits     = 0.706818
  gt1_delta_bits     = -0.000620
  n_total=136009  n_sig=77430  n_gt1=58579
  best_delta_bits    = -0.002103
Epoch 25 | time=4.50s
  train_model_bits   = 0.613042
  val_model_bits     = 0.603430
  val_cabac_bits     = 0.604803
  val_delta_bits     = -0.001373
  sig_model_bits     = 0.525142
  sig_cabac_bits     = 0.527624
  sig_delta_bits     = -0.002482
  gt1_model_bits     = 0.706910
  gt1_cabac_bits     = 0.706818
  gt1_delta_bits     = 0.000092
  n_total=136009  n_sig=77430  n_gt1=58579
  best_delta_bits    = -0.002103
Epoch 26 | time=4.06s
  train_model_bits   = 0.612825
  val_model_bits     = 0.602264
  val_cabac_bits     = 0.604803
  val_delta_bits     = -0.002538
  sig_model_bits     = 0.523846
  sig_cabac_bits     = 0.527624
  sig_delta_bits     = -0.003779
  gt1_model_bits     = 0.705919
  gt1_cabac_bits     = 0.706818
  gt1_delta_bits     = -0.000899
  n_total=136009  n_sig=77430  n_gt1=58579
  best_delta_bits    = -0.002538
Epoch 27 | time=4.70s
  train_model_bits   = 0.612335
  val_model_bits     = 0.602088
  val_cabac_bits     = 0.604803
  val_delta_bits     = -0.002715
  sig_model_bits     = 0.523775
  sig_cabac_bits     = 0.527624
  sig_delta_bits     = -0.003850
  gt1_model_bits     = 0.705602
  gt1_cabac_bits     = 0.706818
  gt1_delta_bits     = -0.001216
  n_total=136009  n_sig=77430  n_gt1=58579
  best_delta_bits    = -0.002715
Epoch 28 | time=4.04s
  train_model_bits   = 0.612206
  val_model_bits     = 0.602022
  val_cabac_bits     = 0.604803
  val_delta_bits     = -0.002781
  sig_model_bits     = 0.523629
  sig_cabac_bits     = 0.527624
  sig_delta_bits     = -0.003995
  gt1_model_bits     = 0.705642
  gt1_cabac_bits     = 0.706818
  gt1_delta_bits     = -0.001176
  n_total=136009  n_sig=77430  n_gt1=58579
  best_delta_bits    = -0.002781
Epoch 29 | time=3.91s
  train_model_bits   = 0.611878
  val_model_bits     = 0.601965
  val_cabac_bits     = 0.604803
  val_delta_bits     = -0.002837
  sig_model_bits     = 0.523639
  sig_cabac_bits     = 0.527624
  sig_delta_bits     = -0.003986
  gt1_model_bits     = 0.705498
  gt1_cabac_bits     = 0.706818
  gt1_delta_bits     = -0.001320
  n_total=136009  n_sig=77430  n_gt1=58579
  best_delta_bits    = -0.002837
Epoch 30 | time=4.50s
  train_model_bits   = 0.611673
  val_model_bits     = 0.601889
  val_cabac_bits     = 0.604803
  val_delta_bits     = -0.002914
  sig_model_bits     = 0.523403
  sig_cabac_bits     = 0.527624
  sig_delta_bits     = -0.004221
  gt1_model_bits     = 0.705632
  gt1_cabac_bits     = 0.706818
  gt1_delta_bits     = -0.001186
  n_total=136009  n_sig=77430  n_gt1=58579
  best_delta_bits    = -0.002914
Epoch 31 | time=3.94s
  train_model_bits   = 0.611571
  val_model_bits     = 0.602200
  val_cabac_bits     = 0.604803
  val_delta_bits     = -0.002603
  sig_model_bits     = 0.523926
  sig_cabac_bits     = 0.527624
  sig_delta_bits     = -0.003698
  gt1_model_bits     = 0.705662
  gt1_cabac_bits     = 0.706818
  gt1_delta_bits     = -0.001156
  n_total=136009  n_sig=77430  n_gt1=58579
  best_delta_bits    = -0.002914
Epoch 32 | time=4.60s
  train_model_bits   = 0.611367
  val_model_bits     = 0.601577
  val_cabac_bits     = 0.604803
  val_delta_bits     = -0.003226
  sig_model_bits     = 0.523251
  sig_cabac_bits     = 0.527624
  sig_delta_bits     = -0.004374
  gt1_model_bits     = 0.705108
  gt1_cabac_bits     = 0.706818
  gt1_delta_bits     = -0.001709
  n_total=136009  n_sig=77430  n_gt1=58579
  best_delta_bits    = -0.003226
Epoch 33 | time=4.01s
  train_model_bits   = 0.611037
  val_model_bits     = 0.602025
  val_cabac_bits     = 0.604803
  val_delta_bits     = -0.002778
  sig_model_bits     = 0.523067
  sig_cabac_bits     = 0.527624
  sig_delta_bits     = -0.004557
  gt1_model_bits     = 0.706391
  gt1_cabac_bits     = 0.706818
  gt1_delta_bits     = -0.000427
  n_total=136009  n_sig=77430  n_gt1=58579
  best_delta_bits    = -0.003226
Epoch 34 | time=4.55s
  train_model_bits   = 0.610946
  val_model_bits     = 0.601082
  val_cabac_bits     = 0.604803
  val_delta_bits     = -0.003721
  sig_model_bits     = 0.522959
  sig_cabac_bits     = 0.527624
  sig_delta_bits     = -0.004666
  gt1_model_bits     = 0.704346
  gt1_cabac_bits     = 0.706818
  gt1_delta_bits     = -0.002472
  n_total=136009  n_sig=77430  n_gt1=58579
  best_delta_bits    = -0.003721
Epoch 35 | time=3.91s
  train_model_bits   = 0.610602
  val_model_bits     = 0.601100
  val_cabac_bits     = 0.604803
  val_delta_bits     = -0.003703
  sig_model_bits     = 0.522868
  sig_cabac_bits     = 0.527624
  sig_delta_bits     = -0.004756
  gt1_model_bits     = 0.704507
  gt1_cabac_bits     = 0.706818
  gt1_delta_bits     = -0.002310
  n_total=136009  n_sig=77430  n_gt1=58579
  best_delta_bits    = -0.003721
Epoch 36 | time=4.33s
  train_model_bits   = 0.610445
  val_model_bits     = 0.601594
  val_cabac_bits     = 0.604803
  val_delta_bits     = -0.003209
  sig_model_bits     = 0.523433
  sig_cabac_bits     = 0.527624
  sig_delta_bits     = -0.004192
  gt1_model_bits     = 0.704909
  gt1_cabac_bits     = 0.706818
  gt1_delta_bits     = -0.001909
  n_total=136009  n_sig=77430  n_gt1=58579
  best_delta_bits    = -0.003721
Epoch 37 | time=3.91s
  train_model_bits   = 0.610318
  val_model_bits     = 0.601180
  val_cabac_bits     = 0.604803
  val_delta_bits     = -0.003622
  sig_model_bits     = 0.522882
  sig_cabac_bits     = 0.527624
  sig_delta_bits     = -0.004742
  gt1_model_bits     = 0.704675
  gt1_cabac_bits     = 0.706818
  gt1_delta_bits     = -0.002142
  n_total=136009  n_sig=77430  n_gt1=58579
  best_delta_bits    = -0.003721
Epoch 38 | time=3.85s
  train_model_bits   = 0.610489
  val_model_bits     = 0.601158
  val_cabac_bits     = 0.604803
  val_delta_bits     = -0.003645
  sig_model_bits     = 0.523066
  sig_cabac_bits     = 0.527624
  sig_delta_bits     = -0.004559
  gt1_model_bits     = 0.704381
  gt1_cabac_bits     = 0.706818
  gt1_delta_bits     = -0.002437
  n_total=136009  n_sig=77430  n_gt1=58579
  best_delta_bits    = -0.003721
Epoch 39 | time=4.58s
  train_model_bits   = 0.610164
  val_model_bits     = 0.601485
  val_cabac_bits     = 0.604803
  val_delta_bits     = -0.003318
  sig_model_bits     = 0.523217
  sig_cabac_bits     = 0.527624
  sig_delta_bits     = -0.004407
  gt1_model_bits     = 0.704939
  gt1_cabac_bits     = 0.706818
  gt1_delta_bits     = -0.001879
  n_total=136009  n_sig=77430  n_gt1=58579
  best_delta_bits    = -0.003721
Epoch 40 | time=4.58s
  train_model_bits   = 0.609711
  val_model_bits     = 0.600783
  val_cabac_bits     = 0.604803
  val_delta_bits     = -0.004019
  sig_model_bits     = 0.522300
  sig_cabac_bits     = 0.527624
  sig_delta_bits     = -0.005324
  gt1_model_bits     = 0.704523
  gt1_cabac_bits     = 0.706818
  gt1_delta_bits     = -0.002295
  n_total=136009  n_sig=77430  n_gt1=58579
  best_delta_bits    = -0.004019
Epoch 41 | time=4.57s
  train_model_bits   = 0.609558
  val_model_bits     = 0.600638
  val_cabac_bits     = 0.604803
  val_delta_bits     = -0.004165
  sig_model_bits     = 0.522382
  sig_cabac_bits     = 0.527624
  sig_delta_bits     = -0.005242
  gt1_model_bits     = 0.704077
  gt1_cabac_bits     = 0.706818
  gt1_delta_bits     = -0.002741
  n_total=136009  n_sig=77430  n_gt1=58579
  best_delta_bits    = -0.004165
Epoch 42 | time=4.56s
  train_model_bits   = 0.609321
  val_model_bits     = 0.600810
  val_cabac_bits     = 0.604803
  val_delta_bits     = -0.003993
  sig_model_bits     = 0.522417
  sig_cabac_bits     = 0.527624
  sig_delta_bits     = -0.005208
  gt1_model_bits     = 0.704429
  gt1_cabac_bits     = 0.706818
  gt1_delta_bits     = -0.002388
  n_total=136009  n_sig=77430  n_gt1=58579
  best_delta_bits    = -0.004165
Epoch 43 | time=3.88s
  train_model_bits   = 0.609295
  val_model_bits     = 0.600706
  val_cabac_bits     = 0.604803
  val_delta_bits     = -0.004096
  sig_model_bits     = 0.522552
  sig_cabac_bits     = 0.527624
  sig_delta_bits     = -0.005072
  gt1_model_bits     = 0.704011
  gt1_cabac_bits     = 0.706818
  gt1_delta_bits     = -0.002807
  n_total=136009  n_sig=77430  n_gt1=58579
  best_delta_bits    = -0.004165
Epoch 44 | time=3.97s
  train_model_bits   = 0.609263
  val_model_bits     = 0.601106
  val_cabac_bits     = 0.604803
  val_delta_bits     = -0.003696
  sig_model_bits     = 0.522477
  sig_cabac_bits     = 0.527624
  sig_delta_bits     = -0.005148
  gt1_model_bits     = 0.705040
  gt1_cabac_bits     = 0.706818
  gt1_delta_bits     = -0.001778
  n_total=136009  n_sig=77430  n_gt1=58579
  best_delta_bits    = -0.004165
Epoch 45 | time=4.59s
  train_model_bits   = 0.609165
  val_model_bits     = 0.600711
  val_cabac_bits     = 0.604803
  val_delta_bits     = -0.004092
  sig_model_bits     = 0.522428
  sig_cabac_bits     = 0.527624
  sig_delta_bits     = -0.005196
  gt1_model_bits     = 0.704186
  gt1_cabac_bits     = 0.706818
  gt1_delta_bits     = -0.002632
  n_total=136009  n_sig=77430  n_gt1=58579
  best_delta_bits    = -0.004165
Epoch 46 | time=4.55s
  train_model_bits   = 0.609074
  val_model_bits     = 0.600969
  val_cabac_bits     = 0.604803
  val_delta_bits     = -0.003834
  sig_model_bits     = 0.522681
  sig_cabac_bits     = 0.527624
  sig_delta_bits     = -0.004943
  gt1_model_bits     = 0.704449
  gt1_cabac_bits     = 0.706818
  gt1_delta_bits     = -0.002369
  n_total=136009  n_sig=77430  n_gt1=58579
  best_delta_bits    = -0.004165
Epoch 47 | time=4.59s
  train_model_bits   = 0.609033
  val_model_bits     = 0.600688
  val_cabac_bits     = 0.604803
  val_delta_bits     = -0.004115
  sig_model_bits     = 0.522697
  sig_cabac_bits     = 0.527624
  sig_delta_bits     = -0.004927
  gt1_model_bits     = 0.703776
  gt1_cabac_bits     = 0.706818
  gt1_delta_bits     = -0.003042
  n_total=136009  n_sig=77430  n_gt1=58579
  best_delta_bits    = -0.004165
Epoch 48 | time=4.96s
  train_model_bits   = 0.608825
  val_model_bits     = 0.601060
  val_cabac_bits     = 0.604803
  val_delta_bits     = -0.003743
  sig_model_bits     = 0.523211
  sig_cabac_bits     = 0.527624
  sig_delta_bits     = -0.004413
  gt1_model_bits     = 0.703960
  gt1_cabac_bits     = 0.706818
  gt1_delta_bits     = -0.002858
  n_total=136009  n_sig=77430  n_gt1=58579
  best_delta_bits    = -0.004165
Epoch 49 | time=4.29s
  train_model_bits   = 0.608616
  val_model_bits     = 0.600800
  val_cabac_bits     = 0.604803
  val_delta_bits     = -0.004003
  sig_model_bits     = 0.522545
  sig_cabac_bits     = 0.527624
  sig_delta_bits     = -0.005079
  gt1_model_bits     = 0.704238
  gt1_cabac_bits     = 0.706818
  gt1_delta_bits     = -0.002580
  n_total=136009  n_sig=77430  n_gt1=58579
  best_delta_bits    = -0.004165
Epoch 50 | time=3.90s
  train_model_bits   = 0.608464
  val_model_bits     = 0.600432
  val_cabac_bits     = 0.604803
  val_delta_bits     = -0.004371
  sig_model_bits     = 0.522035
  sig_cabac_bits     = 0.527624
  sig_delta_bits     = -0.005590
  gt1_model_bits     = 0.704059
  gt1_cabac_bits     = 0.706818
  gt1_delta_bits     = -0.002759
  n_total=136009  n_sig=77430  n_gt1=58579
  best_delta_bits    = -0.004371
Saved best model to: /scratch/zr2245/VVCSoftware_VTM-master/exp/bbc1/result/cabac_sig_gt1_shared_trunk.pt
End time: Sat Mar  7 10:51:14 PM EST 2026
